<html>
<head>
<title>TestNG:  Login Tests</title>
<link href="../testng.css" rel="stylesheet" type="text/css" />
<link href="../my-testng.css" rel="stylesheet" type="text/css" />

<style type="text/css">
.log { display: none;} 
.stack-trace { display: none;} 
</style>
<script type="text/javascript">
<!--
function flip(e) {
  current = e.style.display;
  if (current == 'block') {
    e.style.display = 'none';
    return 0;
  }
  else {
    e.style.display = 'block';
    return 1;
  }
}

function toggleBox(szDivId, elem, msg1, msg2)
{
  var res = -1;  if (document.getElementById) {
    res = flip(document.getElementById(szDivId));
  }
  else if (document.all) {
    // this is the way old msie versions work
    res = flip(document.all[szDivId]);
  }
  if(elem) {
    if(res == 0) elem.innerHTML = msg1; else elem.innerHTML = msg2;
  }

}

function toggleAllBoxes() {
  if (document.getElementsByTagName) {
    d = document.getElementsByTagName('div');
    for (i = 0; i < d.length; i++) {
      if (d[i].className == 'log') {
        flip(d[i]);
      }
    }
  }
}

// -->
</script>

</head>
<body>
<h2 align='center'>Login Tests</h2><table border='1' align="center">
<tr>
<td>Tests passed/Failed/Skipped:</td><td>5/0/4</td>
</tr><tr>
<td>Started on:</td><td>Fri Feb 10 10:34:19 CET 2023</td>
</tr>
<tr><td>Total time:</td><td>246 seconds (246604 ms)</td>
</tr><tr>
<td>Included groups:</td><td>regression </td>
</tr><tr>
<td>Excluded groups:</td><td>bugs broke deprecated </td>
</tr>
</table><p/>
<small><i>(Hover the method name to see the test class name)</i></small><p/>
<table width='100%' border='1' class='invocation-failed'>
<tr><td colspan='4' align='center'><b>FAILED CONFIGURATIONS</b></td></tr>
<tr><td><b>Test method</b></td>
<td width="30%"><b>Exception</b></td>
<td width="10%"><b>Time (seconds)</b></td>
<td><b>Instance</b></td>
</tr>
<tr>
<td title='tests.login.SuccessfulLoginLogout.setupTest()'><b>setupTest</b><br>Test class: tests.login.SuccessfulLoginLogout (JIRA00001E)<br>Parameters: org.testng.TestRunner@4c0e426a</td>
<td><div><pre>java.lang.AssertionError: Wrong Response Status Code in postUser(successloginlogout230210103436) Api Call! Response Body: {&quot;timestamp&quot;:1676021684827,&quot;status&quot;:500,&quot;error&quot;:&quot;Internal Server Error&quot;,&quot;exception&quot;:&quot;java.lang.IllegalArgumentException&quot;,&quot;message&quot;:&quot;Incorrect format of About!&quot;,&quot;path&quot;:&quot;/api/users/add&quot;} expected [200] but found [500]
	at utils.RestApiUtils.postUser(RestApiUtils.java:130)
	at utils.RestApiUtils.postUser(RestApiUtils.java:135)
	at tests.login.SuccessfulLoginLogout.setupTest(SuccessfulLoginLogout.java:62)
	at java.base/java.util.concurrent.ThreadPoolExecutor.runWorker(ThreadPoolExecutor.java:1136)
	at java.base/java.util.concurrent.ThreadPoolExecutor$Worker.run(ThreadPoolExecutor.java:635)
	at java.base/java.lang.Thread.run(Thread.java:833)
... Removed 21 stack frames</pre></div><a href='#' onClick='toggleBox("stack-trace1878217699", this, "Click to show all stack frames", "Click to hide stack frames")'>Click to show all stack frames</a>
<div class='stack-trace' id='stack-trace1878217699'><pre>java.lang.AssertionError: Wrong Response Status Code in postUser(successloginlogout230210103436) Api Call! Response Body: {&quot;timestamp&quot;:1676021684827,&quot;status&quot;:500,&quot;error&quot;:&quot;Internal Server Error&quot;,&quot;exception&quot;:&quot;java.lang.IllegalArgumentException&quot;,&quot;message&quot;:&quot;Incorrect format of About!&quot;,&quot;path&quot;:&quot;/api/users/add&quot;} expected [200] but found [500]
	at org.testng.Assert.fail(Assert.java:99)
	at org.testng.Assert.failNotEquals(Assert.java:1037)
	at org.testng.Assert.assertEqualsImpl(Assert.java:140)
	at org.testng.Assert.assertEquals(Assert.java:122)
	at org.testng.Assert.assertEquals(Assert.java:907)
	at utils.RestApiUtils.postUser(RestApiUtils.java:130)
	at utils.RestApiUtils.postUser(RestApiUtils.java:135)
	at tests.login.SuccessfulLoginLogout.setupTest(SuccessfulLoginLogout.java:62)
	at java.base/jdk.internal.reflect.NativeMethodAccessorImpl.invoke0(Native Method)
	at java.base/jdk.internal.reflect.NativeMethodAccessorImpl.invoke(NativeMethodAccessorImpl.java:77)
	at java.base/jdk.internal.reflect.DelegatingMethodAccessorImpl.invoke(DelegatingMethodAccessorImpl.java:43)
	at java.base/java.lang.reflect.Method.invoke(Method.java:568)
	at org.testng.internal.MethodInvocationHelper.invokeMethod(MethodInvocationHelper.java:133)
	at org.testng.internal.MethodInvocationHelper.invokeMethodConsideringTimeout(MethodInvocationHelper.java:62)
	at org.testng.internal.ConfigInvoker.invokeConfigurationMethod(ConfigInvoker.java:385)
	at org.testng.internal.ConfigInvoker.invokeConfigurations(ConfigInvoker.java:321)
	at org.testng.internal.TestInvoker.runConfigMethods(TestInvoker.java:700)
	at org.testng.internal.TestInvoker.invokeMethod(TestInvoker.java:527)
	at org.testng.internal.TestInvoker.invokeTestMethod(TestInvoker.java:173)
	at org.testng.internal.MethodRunner.runInSequence(MethodRunner.java:46)
	at org.testng.internal.TestInvoker$MethodInvocationAgent.invoke(TestInvoker.java:824)
	at org.testng.internal.TestInvoker.invokeTestMethods(TestInvoker.java:146)
	at org.testng.internal.TestMethodWorker.invokeTestMethods(TestMethodWorker.java:146)
	at org.testng.internal.TestMethodWorker.run(TestMethodWorker.java:128)
	at java.base/java.util.concurrent.ThreadPoolExecutor.runWorker(ThreadPoolExecutor.java:1136)
	at java.base/java.util.concurrent.ThreadPoolExecutor$Worker.run(ThreadPoolExecutor.java:635)
	at java.base/java.lang.Thread.run(Thread.java:833)
</pre></div></td>
<td>29</td>
<td>tests.login.SuccessfulLoginLogout@68d6d775</td></tr>
<tr>
<td title='tests.practice.Tooltip.setUpTest()'><b>setUpTest</b><br>Test class: tests.practice.Tooltip<br>Parameters: org.testng.TestRunner@4c0e426a</td>
<td><div><pre>java.lang.AssertionError: Wrong Response Status Code in postUser(uselesstooltip230210103436) Api Call! Response Body: {&quot;timestamp&quot;:1676021684827,&quot;status&quot;:500,&quot;error&quot;:&quot;Internal Server Error&quot;,&quot;exception&quot;:&quot;java.lang.IllegalArgumentException&quot;,&quot;message&quot;:&quot;Incorrect format of About!&quot;,&quot;path&quot;:&quot;/api/users/add&quot;} expected [200] but found [500]
	at utils.RestApiUtils.postUser(RestApiUtils.java:130)
	at utils.RestApiUtils.postUser(RestApiUtils.java:135)
	at tests.practice.Tooltip.setUpTest(Tooltip.java:39)
	at java.base/java.util.concurrent.ThreadPoolExecutor.runWorker(ThreadPoolExecutor.java:1136)
	at java.base/java.util.concurrent.ThreadPoolExecutor$Worker.run(ThreadPoolExecutor.java:635)
	at java.base/java.lang.Thread.run(Thread.java:833)
... Removed 21 stack frames</pre></div><a href='#' onClick='toggleBox("stack-trace506343596", this, "Click to show all stack frames", "Click to hide stack frames")'>Click to show all stack frames</a>
<div class='stack-trace' id='stack-trace506343596'><pre>java.lang.AssertionError: Wrong Response Status Code in postUser(uselesstooltip230210103436) Api Call! Response Body: {&quot;timestamp&quot;:1676021684827,&quot;status&quot;:500,&quot;error&quot;:&quot;Internal Server Error&quot;,&quot;exception&quot;:&quot;java.lang.IllegalArgumentException&quot;,&quot;message&quot;:&quot;Incorrect format of About!&quot;,&quot;path&quot;:&quot;/api/users/add&quot;} expected [200] but found [500]
	at org.testng.Assert.fail(Assert.java:99)
	at org.testng.Assert.failNotEquals(Assert.java:1037)
	at org.testng.Assert.assertEqualsImpl(Assert.java:140)
	at org.testng.Assert.assertEquals(Assert.java:122)
	at org.testng.Assert.assertEquals(Assert.java:907)
	at utils.RestApiUtils.postUser(RestApiUtils.java:130)
	at utils.RestApiUtils.postUser(RestApiUtils.java:135)
	at tests.practice.Tooltip.setUpTest(Tooltip.java:39)
	at java.base/jdk.internal.reflect.NativeMethodAccessorImpl.invoke0(Native Method)
	at java.base/jdk.internal.reflect.NativeMethodAccessorImpl.invoke(NativeMethodAccessorImpl.java:77)
	at java.base/jdk.internal.reflect.DelegatingMethodAccessorImpl.invoke(DelegatingMethodAccessorImpl.java:43)
	at java.base/java.lang.reflect.Method.invoke(Method.java:568)
	at org.testng.internal.MethodInvocationHelper.invokeMethod(MethodInvocationHelper.java:133)
	at org.testng.internal.MethodInvocationHelper.invokeMethodConsideringTimeout(MethodInvocationHelper.java:62)
	at org.testng.internal.ConfigInvoker.invokeConfigurationMethod(ConfigInvoker.java:385)
	at org.testng.internal.ConfigInvoker.invokeConfigurations(ConfigInvoker.java:321)
	at org.testng.internal.TestInvoker.runConfigMethods(TestInvoker.java:700)
	at org.testng.internal.TestInvoker.invokeMethod(TestInvoker.java:527)
	at org.testng.internal.TestInvoker.invokeTestMethod(TestInvoker.java:173)
	at org.testng.internal.MethodRunner.runInSequence(MethodRunner.java:46)
	at org.testng.internal.TestInvoker$MethodInvocationAgent.invoke(TestInvoker.java:824)
	at org.testng.internal.TestInvoker.invokeTestMethods(TestInvoker.java:146)
	at org.testng.internal.TestMethodWorker.invokeTestMethods(TestMethodWorker.java:146)
	at org.testng.internal.TestMethodWorker.run(TestMethodWorker.java:128)
	at java.base/java.util.concurrent.ThreadPoolExecutor.runWorker(ThreadPoolExecutor.java:1136)
	at java.base/java.util.concurrent.ThreadPoolExecutor$Worker.run(ThreadPoolExecutor.java:635)
	at java.base/java.lang.Thread.run(Thread.java:833)
</pre></div></td>
<td>29</td>
<td>tests.practice.Tooltip@38b3f208</td></tr>
<tr>
<td title='tests.heroes.DeleteHero.setupTest()'><b>setupTest</b><br>Test class: tests.heroes.DeleteHero<br>Parameters: org.testng.TestRunner@4c0e426a</td>
<td><div><pre>java.lang.AssertionError: Wrong Response Status Code in postUser(addnewhero230210103436) Api Call! Response Body: {&quot;timestamp&quot;:1676021684962,&quot;status&quot;:500,&quot;error&quot;:&quot;Internal Server Error&quot;,&quot;exception&quot;:&quot;org.springframework.dao.IncorrectResultSizeDataAccessException&quot;,&quot;message&quot;:&quot;result returns more than one elements; nested exception is javax.persistence.NonUniqueResultException: result returns more than one elements&quot;,&quot;path&quot;:&quot;/api/users/add&quot;} expected [200] but found [500]
	at utils.RestApiUtils.postUser(RestApiUtils.java:130)
	at utils.RestApiUtils.postUser(RestApiUtils.java:135)
	at tests.heroes.DeleteHero.setupTest(DeleteHero.java:51)
	at java.base/java.util.concurrent.ThreadPoolExecutor.runWorker(ThreadPoolExecutor.java:1136)
	at java.base/java.util.concurrent.ThreadPoolExecutor$Worker.run(ThreadPoolExecutor.java:635)
	at java.base/java.lang.Thread.run(Thread.java:833)
... Removed 21 stack frames</pre></div><a href='#' onClick='toggleBox("stack-trace448824327", this, "Click to show all stack frames", "Click to hide stack frames")'>Click to show all stack frames</a>
<div class='stack-trace' id='stack-trace448824327'><pre>java.lang.AssertionError: Wrong Response Status Code in postUser(addnewhero230210103436) Api Call! Response Body: {&quot;timestamp&quot;:1676021684962,&quot;status&quot;:500,&quot;error&quot;:&quot;Internal Server Error&quot;,&quot;exception&quot;:&quot;org.springframework.dao.IncorrectResultSizeDataAccessException&quot;,&quot;message&quot;:&quot;result returns more than one elements; nested exception is javax.persistence.NonUniqueResultException: result returns more than one elements&quot;,&quot;path&quot;:&quot;/api/users/add&quot;} expected [200] but found [500]
	at org.testng.Assert.fail(Assert.java:99)
	at org.testng.Assert.failNotEquals(Assert.java:1037)
	at org.testng.Assert.assertEqualsImpl(Assert.java:140)
	at org.testng.Assert.assertEquals(Assert.java:122)
	at org.testng.Assert.assertEquals(Assert.java:907)
	at utils.RestApiUtils.postUser(RestApiUtils.java:130)
	at utils.RestApiUtils.postUser(RestApiUtils.java:135)
	at tests.heroes.DeleteHero.setupTest(DeleteHero.java:51)
	at java.base/jdk.internal.reflect.NativeMethodAccessorImpl.invoke0(Native Method)
	at java.base/jdk.internal.reflect.NativeMethodAccessorImpl.invoke(NativeMethodAccessorImpl.java:77)
	at java.base/jdk.internal.reflect.DelegatingMethodAccessorImpl.invoke(DelegatingMethodAccessorImpl.java:43)
	at java.base/java.lang.reflect.Method.invoke(Method.java:568)
	at org.testng.internal.MethodInvocationHelper.invokeMethod(MethodInvocationHelper.java:133)
	at org.testng.internal.MethodInvocationHelper.invokeMethodConsideringTimeout(MethodInvocationHelper.java:62)
	at org.testng.internal.ConfigInvoker.invokeConfigurationMethod(ConfigInvoker.java:385)
	at org.testng.internal.ConfigInvoker.invokeConfigurations(ConfigInvoker.java:321)
	at org.testng.internal.TestInvoker.runConfigMethods(TestInvoker.java:700)
	at org.testng.internal.TestInvoker.invokeMethod(TestInvoker.java:527)
	at org.testng.internal.TestInvoker.invokeTestMethod(TestInvoker.java:173)
	at org.testng.internal.MethodRunner.runInSequence(MethodRunner.java:46)
	at org.testng.internal.TestInvoker$MethodInvocationAgent.invoke(TestInvoker.java:824)
	at org.testng.internal.TestInvoker.invokeTestMethods(TestInvoker.java:146)
	at org.testng.internal.TestMethodWorker.invokeTestMethods(TestMethodWorker.java:146)
	at org.testng.internal.TestMethodWorker.run(TestMethodWorker.java:128)
	at java.base/java.util.concurrent.ThreadPoolExecutor.runWorker(ThreadPoolExecutor.java:1136)
	at java.base/java.util.concurrent.ThreadPoolExecutor$Worker.run(ThreadPoolExecutor.java:635)
	at java.base/java.lang.Thread.run(Thread.java:833)
</pre></div></td>
<td>29</td>
<td>tests.heroes.DeleteHero@2577a95d</td></tr>
<tr>
<td title='tests.heroes.AddNewHero.setupTest()'><b>setupTest</b><br>Test class: tests.heroes.AddNewHero<br>Parameters: org.testng.TestRunner@4c0e426a</td>
<td><div><pre>java.lang.AssertionError: Wrong Response Status Code in postUser(addnewhero230210103436) Api Call! Response Body: {&quot;timestamp&quot;:1676021684962,&quot;status&quot;:500,&quot;error&quot;:&quot;Internal Server Error&quot;,&quot;exception&quot;:&quot;org.springframework.dao.IncorrectResultSizeDataAccessException&quot;,&quot;message&quot;:&quot;result returns more than one elements; nested exception is javax.persistence.NonUniqueResultException: result returns more than one elements&quot;,&quot;path&quot;:&quot;/api/users/add&quot;} expected [200] but found [500]
	at utils.RestApiUtils.postUser(RestApiUtils.java:130)
	at utils.RestApiUtils.postUser(RestApiUtils.java:135)
	at tests.heroes.AddNewHero.setupTest(AddNewHero.java:53)
	at java.base/java.util.concurrent.ThreadPoolExecutor.runWorker(ThreadPoolExecutor.java:1136)
	at java.base/java.util.concurrent.ThreadPoolExecutor$Worker.run(ThreadPoolExecutor.java:635)
	at java.base/java.lang.Thread.run(Thread.java:833)
... Removed 21 stack frames</pre></div><a href='#' onClick='toggleBox("stack-trace524170964", this, "Click to show all stack frames", "Click to hide stack frames")'>Click to show all stack frames</a>
<div class='stack-trace' id='stack-trace524170964'><pre>java.lang.AssertionError: Wrong Response Status Code in postUser(addnewhero230210103436) Api Call! Response Body: {&quot;timestamp&quot;:1676021684962,&quot;status&quot;:500,&quot;error&quot;:&quot;Internal Server Error&quot;,&quot;exception&quot;:&quot;org.springframework.dao.IncorrectResultSizeDataAccessException&quot;,&quot;message&quot;:&quot;result returns more than one elements; nested exception is javax.persistence.NonUniqueResultException: result returns more than one elements&quot;,&quot;path&quot;:&quot;/api/users/add&quot;} expected [200] but found [500]
	at org.testng.Assert.fail(Assert.java:99)
	at org.testng.Assert.failNotEquals(Assert.java:1037)
	at org.testng.Assert.assertEqualsImpl(Assert.java:140)
	at org.testng.Assert.assertEquals(Assert.java:122)
	at org.testng.Assert.assertEquals(Assert.java:907)
	at utils.RestApiUtils.postUser(RestApiUtils.java:130)
	at utils.RestApiUtils.postUser(RestApiUtils.java:135)
	at tests.heroes.AddNewHero.setupTest(AddNewHero.java:53)
	at java.base/jdk.internal.reflect.NativeMethodAccessorImpl.invoke0(Native Method)
	at java.base/jdk.internal.reflect.NativeMethodAccessorImpl.invoke(NativeMethodAccessorImpl.java:77)
	at java.base/jdk.internal.reflect.DelegatingMethodAccessorImpl.invoke(DelegatingMethodAccessorImpl.java:43)
	at java.base/java.lang.reflect.Method.invoke(Method.java:568)
	at org.testng.internal.MethodInvocationHelper.invokeMethod(MethodInvocationHelper.java:133)
	at org.testng.internal.MethodInvocationHelper.invokeMethodConsideringTimeout(MethodInvocationHelper.java:62)
	at org.testng.internal.ConfigInvoker.invokeConfigurationMethod(ConfigInvoker.java:385)
	at org.testng.internal.ConfigInvoker.invokeConfigurations(ConfigInvoker.java:321)
	at org.testng.internal.TestInvoker.runConfigMethods(TestInvoker.java:700)
	at org.testng.internal.TestInvoker.invokeMethod(TestInvoker.java:527)
	at org.testng.internal.TestInvoker.invokeTestMethod(TestInvoker.java:173)
	at org.testng.internal.MethodRunner.runInSequence(MethodRunner.java:46)
	at org.testng.internal.TestInvoker$MethodInvocationAgent.invoke(TestInvoker.java:824)
	at org.testng.internal.TestInvoker.invokeTestMethods(TestInvoker.java:146)
	at org.testng.internal.TestMethodWorker.invokeTestMethods(TestMethodWorker.java:146)
	at org.testng.internal.TestMethodWorker.run(TestMethodWorker.java:128)
	at java.base/java.util.concurrent.ThreadPoolExecutor.runWorker(ThreadPoolExecutor.java:1136)
	at java.base/java.util.concurrent.ThreadPoolExecutor$Worker.run(ThreadPoolExecutor.java:635)
	at java.base/java.lang.Thread.run(Thread.java:833)
</pre></div></td>
<td>29</td>
<td>tests.heroes.AddNewHero@17e9bc9e</td></tr>
</table><p>
<table width='100%' border='1' class='invocation-passed'>
<tr><td colspan='4' align='center'><b>PASSED TESTS</b></td></tr>
<tr><td><b>Test method</b></td>
<td width="30%"><b>Exception</b></td>
<td width="10%"><b>Time (seconds)</b></td>
<td><b>Instance</b></td>
</tr>
<tr>
<td title='tests.practice.VerifyDragAndDrop.testDragAndDrop()'><b>testDragAndDrop</b><br>Test class: tests.practice.VerifyDragAndDrop</td>
<td></td>
<td>197</td>
<td>tests.practice.VerifyDragAndDrop@6680f714</td></tr>
<tr>
<td title='tests.users.VerifyUserDetails.testVerifyUserDetails()'><b>testVerifyUserDetails</b><br>Test class: tests.users.VerifyUserDetails</td>
<td></td>
<td>46</td>
<td>tests.users.VerifyUserDetails@3b4a1a75</td></tr>
<tr>
<td title='tests.login.UnsuccessfulLoginWrongPassword.testUnsuccessfulLoginWrongPassword()'><b>testUnsuccessfulLoginWrongPassword</b><br>Test class: tests.login.UnsuccessfulLoginWrongPassword</td>
<td></td>
<td>20</td>
<td>tests.login.UnsuccessfulLoginWrongPassword@b67cc70</td></tr>
<tr>
<td title='tests.register.SuccessfulRegister.testRegisterNewUser()'><b>testRegisterNewUser</b><br>Test class: tests.register.SuccessfulRegister</td>
<td></td>
<td>59</td>
<td>tests.register.SuccessfulRegister@7d97e06c</td></tr>
<tr>
<td title='tests.users.AddNewUserTest.testAddingNewUser()'><b>testAddingNewUser</b><br>Test class: tests.users.AddNewUserTest</td>
<td></td>
<td>79</td>
<td>tests.users.AddNewUserTest@5a936e64</td></tr>
</table><p>
<table width='100%' border='1' class='invocation-skipped'>
<tr><td colspan='4' align='center'><b>SKIPPED TESTS</b></td></tr>
<tr><td><b>Test method</b></td>
<td width="30%"><b>Exception</b></td>
<td width="10%"><b>Time (seconds)</b></td>
<td><b>Instance</b></td>
</tr>
<tr>
<td title='tests.login.SuccessfulLoginLogout.testSuccessfulLoginLogout()'><b>testSuccessfulLoginLogout</b><br>Test class: tests.login.SuccessfulLoginLogout (JIRA00001E)<br>Test method: JIRA00001D</td>
<td><div><pre>java.lang.AssertionError: Wrong Response Status Code in postUser(successloginlogout230210103436) Api Call! Response Body: {&quot;timestamp&quot;:1676021684827,&quot;status&quot;:500,&quot;error&quot;:&quot;Internal Server Error&quot;,&quot;exception&quot;:&quot;java.lang.IllegalArgumentException&quot;,&quot;message&quot;:&quot;Incorrect format of About!&quot;,&quot;path&quot;:&quot;/api/users/add&quot;} expected [200] but found [500]
	at utils.RestApiUtils.postUser(RestApiUtils.java:130)
	at utils.RestApiUtils.postUser(RestApiUtils.java:135)
	at tests.login.SuccessfulLoginLogout.setupTest(SuccessfulLoginLogout.java:62)
	at java.base/java.util.concurrent.ThreadPoolExecutor.runWorker(ThreadPoolExecutor.java:1136)
	at java.base/java.util.concurrent.ThreadPoolExecutor$Worker.run(ThreadPoolExecutor.java:635)
	at java.base/java.lang.Thread.run(Thread.java:833)
... Removed 21 stack frames</pre></div><a href='#' onClick='toggleBox("stack-trace1324545875", this, "Click to show all stack frames", "Click to hide stack frames")'>Click to show all stack frames</a>
<div class='stack-trace' id='stack-trace1324545875'><pre>java.lang.AssertionError: Wrong Response Status Code in postUser(successloginlogout230210103436) Api Call! Response Body: {&quot;timestamp&quot;:1676021684827,&quot;status&quot;:500,&quot;error&quot;:&quot;Internal Server Error&quot;,&quot;exception&quot;:&quot;java.lang.IllegalArgumentException&quot;,&quot;message&quot;:&quot;Incorrect format of About!&quot;,&quot;path&quot;:&quot;/api/users/add&quot;} expected [200] but found [500]
	at org.testng.Assert.fail(Assert.java:99)
	at org.testng.Assert.failNotEquals(Assert.java:1037)
	at org.testng.Assert.assertEqualsImpl(Assert.java:140)
	at org.testng.Assert.assertEquals(Assert.java:122)
	at org.testng.Assert.assertEquals(Assert.java:907)
	at utils.RestApiUtils.postUser(RestApiUtils.java:130)
	at utils.RestApiUtils.postUser(RestApiUtils.java:135)
	at tests.login.SuccessfulLoginLogout.setupTest(SuccessfulLoginLogout.java:62)
	at java.base/jdk.internal.reflect.NativeMethodAccessorImpl.invoke0(Native Method)
	at java.base/jdk.internal.reflect.NativeMethodAccessorImpl.invoke(NativeMethodAccessorImpl.java:77)
	at java.base/jdk.internal.reflect.DelegatingMethodAccessorImpl.invoke(DelegatingMethodAccessorImpl.java:43)
	at java.base/java.lang.reflect.Method.invoke(Method.java:568)
	at org.testng.internal.MethodInvocationHelper.invokeMethod(MethodInvocationHelper.java:133)
	at org.testng.internal.MethodInvocationHelper.invokeMethodConsideringTimeout(MethodInvocationHelper.java:62)
	at org.testng.internal.ConfigInvoker.invokeConfigurationMethod(ConfigInvoker.java:385)
	at org.testng.internal.ConfigInvoker.invokeConfigurations(ConfigInvoker.java:321)
	at org.testng.internal.TestInvoker.runConfigMethods(TestInvoker.java:700)
	at org.testng.internal.TestInvoker.invokeMethod(TestInvoker.java:527)
	at org.testng.internal.TestInvoker.invokeTestMethod(TestInvoker.java:173)
	at org.testng.internal.MethodRunner.runInSequence(MethodRunner.java:46)
	at org.testng.internal.TestInvoker$MethodInvocationAgent.invoke(TestInvoker.java:824)
	at org.testng.internal.TestInvoker.invokeTestMethods(TestInvoker.java:146)
	at org.testng.internal.TestMethodWorker.invokeTestMethods(TestMethodWorker.java:146)
	at org.testng.internal.TestMethodWorker.run(TestMethodWorker.java:128)
	at java.base/java.util.concurrent.ThreadPoolExecutor.runWorker(ThreadPoolExecutor.java:1136)
	at java.base/java.util.concurrent.ThreadPoolExecutor$Worker.run(ThreadPoolExecutor.java:635)
	at java.base/java.lang.Thread.run(Thread.java:833)
</pre></div></td>
<td>0</td>
<td>tests.login.SuccessfulLoginLogout@68d6d775</td></tr>
<tr>
<td title='tests.heroes.DeleteHero.testDeleteHero()'><b>testDeleteHero</b><br>Test class: tests.heroes.DeleteHero</td>
<td><div><pre>java.lang.AssertionError: Wrong Response Status Code in postUser(addnewhero230210103436) Api Call! Response Body: {&quot;timestamp&quot;:1676021684962,&quot;status&quot;:500,&quot;error&quot;:&quot;Internal Server Error&quot;,&quot;exception&quot;:&quot;org.springframework.dao.IncorrectResultSizeDataAccessException&quot;,&quot;message&quot;:&quot;result returns more than one elements; nested exception is javax.persistence.NonUniqueResultException: result returns more than one elements&quot;,&quot;path&quot;:&quot;/api/users/add&quot;} expected [200] but found [500]
	at utils.RestApiUtils.postUser(RestApiUtils.java:130)
	at utils.RestApiUtils.postUser(RestApiUtils.java:135)
	at tests.heroes.DeleteHero.setupTest(DeleteHero.java:51)
	at java.base/java.util.concurrent.ThreadPoolExecutor.runWorker(ThreadPoolExecutor.java:1136)
	at java.base/java.util.concurrent.ThreadPoolExecutor$Worker.run(ThreadPoolExecutor.java:635)
	at java.base/java.lang.Thread.run(Thread.java:833)
... Removed 21 stack frames</pre></div><a href='#' onClick='toggleBox("stack-trace918582786", this, "Click to show all stack frames", "Click to hide stack frames")'>Click to show all stack frames</a>
<div class='stack-trace' id='stack-trace918582786'><pre>java.lang.AssertionError: Wrong Response Status Code in postUser(addnewhero230210103436) Api Call! Response Body: {&quot;timestamp&quot;:1676021684962,&quot;status&quot;:500,&quot;error&quot;:&quot;Internal Server Error&quot;,&quot;exception&quot;:&quot;org.springframework.dao.IncorrectResultSizeDataAccessException&quot;,&quot;message&quot;:&quot;result returns more than one elements; nested exception is javax.persistence.NonUniqueResultException: result returns more than one elements&quot;,&quot;path&quot;:&quot;/api/users/add&quot;} expected [200] but found [500]
	at org.testng.Assert.fail(Assert.java:99)
	at org.testng.Assert.failNotEquals(Assert.java:1037)
	at org.testng.Assert.assertEqualsImpl(Assert.java:140)
	at org.testng.Assert.assertEquals(Assert.java:122)
	at org.testng.Assert.assertEquals(Assert.java:907)
	at utils.RestApiUtils.postUser(RestApiUtils.java:130)
	at utils.RestApiUtils.postUser(RestApiUtils.java:135)
	at tests.heroes.DeleteHero.setupTest(DeleteHero.java:51)
	at java.base/jdk.internal.reflect.NativeMethodAccessorImpl.invoke0(Native Method)
	at java.base/jdk.internal.reflect.NativeMethodAccessorImpl.invoke(NativeMethodAccessorImpl.java:77)
	at java.base/jdk.internal.reflect.DelegatingMethodAccessorImpl.invoke(DelegatingMethodAccessorImpl.java:43)
	at java.base/java.lang.reflect.Method.invoke(Method.java:568)
	at org.testng.internal.MethodInvocationHelper.invokeMethod(MethodInvocationHelper.java:133)
	at org.testng.internal.MethodInvocationHelper.invokeMethodConsideringTimeout(MethodInvocationHelper.java:62)
	at org.testng.internal.ConfigInvoker.invokeConfigurationMethod(ConfigInvoker.java:385)
	at org.testng.internal.ConfigInvoker.invokeConfigurations(ConfigInvoker.java:321)
	at org.testng.internal.TestInvoker.runConfigMethods(TestInvoker.java:700)
	at org.testng.internal.TestInvoker.invokeMethod(TestInvoker.java:527)
	at org.testng.internal.TestInvoker.invokeTestMethod(TestInvoker.java:173)
	at org.testng.internal.MethodRunner.runInSequence(MethodRunner.java:46)
	at org.testng.internal.TestInvoker$MethodInvocationAgent.invoke(TestInvoker.java:824)
	at org.testng.internal.TestInvoker.invokeTestMethods(TestInvoker.java:146)
	at org.testng.internal.TestMethodWorker.invokeTestMethods(TestMethodWorker.java:146)
	at org.testng.internal.TestMethodWorker.run(TestMethodWorker.java:128)
	at java.base/java.util.concurrent.ThreadPoolExecutor.runWorker(ThreadPoolExecutor.java:1136)
	at java.base/java.util.concurrent.ThreadPoolExecutor$Worker.run(ThreadPoolExecutor.java:635)
	at java.base/java.lang.Thread.run(Thread.java:833)
</pre></div></td>
<td>0</td>
<td>tests.heroes.DeleteHero@2577a95d</td></tr>
<tr>
<td title='tests.heroes.AddNewHero.testAddNewHero()'><b>testAddNewHero</b><br>Test class: tests.heroes.AddNewHero</td>
<td><div><pre>java.lang.AssertionError: Wrong Response Status Code in postUser(addnewhero230210103436) Api Call! Response Body: {&quot;timestamp&quot;:1676021684962,&quot;status&quot;:500,&quot;error&quot;:&quot;Internal Server Error&quot;,&quot;exception&quot;:&quot;org.springframework.dao.IncorrectResultSizeDataAccessException&quot;,&quot;message&quot;:&quot;result returns more than one elements; nested exception is javax.persistence.NonUniqueResultException: result returns more than one elements&quot;,&quot;path&quot;:&quot;/api/users/add&quot;} expected [200] but found [500]
	at utils.RestApiUtils.postUser(RestApiUtils.java:130)
	at utils.RestApiUtils.postUser(RestApiUtils.java:135)
	at tests.heroes.AddNewHero.setupTest(AddNewHero.java:53)
	at java.base/java.util.concurrent.ThreadPoolExecutor.runWorker(ThreadPoolExecutor.java:1136)
	at java.base/java.util.concurrent.ThreadPoolExecutor$Worker.run(ThreadPoolExecutor.java:635)
	at java.base/java.lang.Thread.run(Thread.java:833)
... Removed 21 stack frames</pre></div><a href='#' onClick='toggleBox("stack-trace141551351", this, "Click to show all stack frames", "Click to hide stack frames")'>Click to show all stack frames</a>
<div class='stack-trace' id='stack-trace141551351'><pre>java.lang.AssertionError: Wrong Response Status Code in postUser(addnewhero230210103436) Api Call! Response Body: {&quot;timestamp&quot;:1676021684962,&quot;status&quot;:500,&quot;error&quot;:&quot;Internal Server Error&quot;,&quot;exception&quot;:&quot;org.springframework.dao.IncorrectResultSizeDataAccessException&quot;,&quot;message&quot;:&quot;result returns more than one elements; nested exception is javax.persistence.NonUniqueResultException: result returns more than one elements&quot;,&quot;path&quot;:&quot;/api/users/add&quot;} expected [200] but found [500]
	at org.testng.Assert.fail(Assert.java:99)
	at org.testng.Assert.failNotEquals(Assert.java:1037)
	at org.testng.Assert.assertEqualsImpl(Assert.java:140)
	at org.testng.Assert.assertEquals(Assert.java:122)
	at org.testng.Assert.assertEquals(Assert.java:907)
	at utils.RestApiUtils.postUser(RestApiUtils.java:130)
	at utils.RestApiUtils.postUser(RestApiUtils.java:135)
	at tests.heroes.AddNewHero.setupTest(AddNewHero.java:53)
	at java.base/jdk.internal.reflect.NativeMethodAccessorImpl.invoke0(Native Method)
	at java.base/jdk.internal.reflect.NativeMethodAccessorImpl.invoke(NativeMethodAccessorImpl.java:77)
	at java.base/jdk.internal.reflect.DelegatingMethodAccessorImpl.invoke(DelegatingMethodAccessorImpl.java:43)
	at java.base/java.lang.reflect.Method.invoke(Method.java:568)
	at org.testng.internal.MethodInvocationHelper.invokeMethod(MethodInvocationHelper.java:133)
	at org.testng.internal.MethodInvocationHelper.invokeMethodConsideringTimeout(MethodInvocationHelper.java:62)
	at org.testng.internal.ConfigInvoker.invokeConfigurationMethod(ConfigInvoker.java:385)
	at org.testng.internal.ConfigInvoker.invokeConfigurations(ConfigInvoker.java:321)
	at org.testng.internal.TestInvoker.runConfigMethods(TestInvoker.java:700)
	at org.testng.internal.TestInvoker.invokeMethod(TestInvoker.java:527)
	at org.testng.internal.TestInvoker.invokeTestMethod(TestInvoker.java:173)
	at org.testng.internal.MethodRunner.runInSequence(MethodRunner.java:46)
	at org.testng.internal.TestInvoker$MethodInvocationAgent.invoke(TestInvoker.java:824)
	at org.testng.internal.TestInvoker.invokeTestMethods(TestInvoker.java:146)
	at org.testng.internal.TestMethodWorker.invokeTestMethods(TestMethodWorker.java:146)
	at org.testng.internal.TestMethodWorker.run(TestMethodWorker.java:128)
	at java.base/java.util.concurrent.ThreadPoolExecutor.runWorker(ThreadPoolExecutor.java:1136)
	at java.base/java.util.concurrent.ThreadPoolExecutor$Worker.run(ThreadPoolExecutor.java:635)
	at java.base/java.lang.Thread.run(Thread.java:833)
</pre></div></td>
<td>0</td>
<td>tests.heroes.AddNewHero@17e9bc9e</td></tr>
<tr>
<td title='tests.practice.Tooltip.testUselessTooltip()'><b>testUselessTooltip</b><br>Test class: tests.practice.Tooltip</td>
<td><div><pre>java.lang.AssertionError: Wrong Response Status Code in postUser(uselesstooltip230210103436) Api Call! Response Body: {&quot;timestamp&quot;:1676021684827,&quot;status&quot;:500,&quot;error&quot;:&quot;Internal Server Error&quot;,&quot;exception&quot;:&quot;java.lang.IllegalArgumentException&quot;,&quot;message&quot;:&quot;Incorrect format of About!&quot;,&quot;path&quot;:&quot;/api/users/add&quot;} expected [200] but found [500]
	at utils.RestApiUtils.postUser(RestApiUtils.java:130)
	at utils.RestApiUtils.postUser(RestApiUtils.java:135)
	at tests.practice.Tooltip.setUpTest(Tooltip.java:39)
	at java.base/java.util.concurrent.ThreadPoolExecutor.runWorker(ThreadPoolExecutor.java:1136)
	at java.base/java.util.concurrent.ThreadPoolExecutor$Worker.run(ThreadPoolExecutor.java:635)
	at java.base/java.lang.Thread.run(Thread.java:833)
... Removed 21 stack frames</pre></div><a href='#' onClick='toggleBox("stack-trace384302045", this, "Click to show all stack frames", "Click to hide stack frames")'>Click to show all stack frames</a>
<div class='stack-trace' id='stack-trace384302045'><pre>java.lang.AssertionError: Wrong Response Status Code in postUser(uselesstooltip230210103436) Api Call! Response Body: {&quot;timestamp&quot;:1676021684827,&quot;status&quot;:500,&quot;error&quot;:&quot;Internal Server Error&quot;,&quot;exception&quot;:&quot;java.lang.IllegalArgumentException&quot;,&quot;message&quot;:&quot;Incorrect format of About!&quot;,&quot;path&quot;:&quot;/api/users/add&quot;} expected [200] but found [500]
	at org.testng.Assert.fail(Assert.java:99)
	at org.testng.Assert.failNotEquals(Assert.java:1037)
	at org.testng.Assert.assertEqualsImpl(Assert.java:140)
	at org.testng.Assert.assertEquals(Assert.java:122)
	at org.testng.Assert.assertEquals(Assert.java:907)
	at utils.RestApiUtils.postUser(RestApiUtils.java:130)
	at utils.RestApiUtils.postUser(RestApiUtils.java:135)
	at tests.practice.Tooltip.setUpTest(Tooltip.java:39)
	at java.base/jdk.internal.reflect.NativeMethodAccessorImpl.invoke0(Native Method)
	at java.base/jdk.internal.reflect.NativeMethodAccessorImpl.invoke(NativeMethodAccessorImpl.java:77)
	at java.base/jdk.internal.reflect.DelegatingMethodAccessorImpl.invoke(DelegatingMethodAccessorImpl.java:43)
	at java.base/java.lang.reflect.Method.invoke(Method.java:568)
	at org.testng.internal.MethodInvocationHelper.invokeMethod(MethodInvocationHelper.java:133)
	at org.testng.internal.MethodInvocationHelper.invokeMethodConsideringTimeout(MethodInvocationHelper.java:62)
	at org.testng.internal.ConfigInvoker.invokeConfigurationMethod(ConfigInvoker.java:385)
	at org.testng.internal.ConfigInvoker.invokeConfigurations(ConfigInvoker.java:321)
	at org.testng.internal.TestInvoker.runConfigMethods(TestInvoker.java:700)
	at org.testng.internal.TestInvoker.invokeMethod(TestInvoker.java:527)
	at org.testng.internal.TestInvoker.invokeTestMethod(TestInvoker.java:173)
	at org.testng.internal.MethodRunner.runInSequence(MethodRunner.java:46)
	at org.testng.internal.TestInvoker$MethodInvocationAgent.invoke(TestInvoker.java:824)
	at org.testng.internal.TestInvoker.invokeTestMethods(TestInvoker.java:146)
	at org.testng.internal.TestMethodWorker.invokeTestMethods(TestMethodWorker.java:146)
	at org.testng.internal.TestMethodWorker.run(TestMethodWorker.java:128)
	at java.base/java.util.concurrent.ThreadPoolExecutor.runWorker(ThreadPoolExecutor.java:1136)
	at java.base/java.util.concurrent.ThreadPoolExecutor$Worker.run(ThreadPoolExecutor.java:635)
	at java.base/java.lang.Thread.run(Thread.java:833)
</pre></div></td>
<td>0</td>
<td>tests.practice.Tooltip@38b3f208</td></tr>
</table><p>
</body>
</html>