{"name":"testDeleteHero","status":"broken","statusDetails":{"known":false,"muted":false,"flaky":false,"message":"timeout: Timed out receiving message from renderer: 15.000\n  (Session info: chrome=110.0.5481.78)\nBuild info: version: '4.8.0', revision: '267030adea'\nSystem info: os.name: 'Windows 10', os.arch: 'amd64', os.version: '10.0', java.version: '17.0.1'\nDriver info: org.openqa.selenium.chrome.ChromeDriver\nCommand: [e3ffc64cf14dd1ce5a16427ea1c46ba5, screenshot {}]\nCapabilities {acceptInsecureCerts: false, browserName: chrome, browserVersion: 110.0.5481.78, chrome: {chromedriverVersion: 110.0.5481.77 (65ed616c6e8e..., userDataDir: C:\\Users\\IBOZHI~1\\AppData\\L...}, goog:chromeOptions: {debuggerAddress: localhost:60714}, networkConnectionEnabled: false, pageLoadStrategy: normal, platformName: WINDOWS, proxy: Proxy(), se:cdp: ws://localhost:60714/devtoo..., se:cdpVersion: 110.0.5481.78, setWindowRect: true, strictFileInteractability: false, timeouts: {implicit: 0, pageLoad: 300000, script: 30000}, unhandledPromptBehavior: dismiss and notify, webauthn:extension:credBlob: true, webauthn:extension:largeBlob: true, webauthn:virtualAuthenticators: true}\nSession ID: e3ffc64cf14dd1ce5a16427ea1c46ba5","trace":"org.openqa.selenium.TimeoutException: timeout: Timed out receiving message from renderer: 15.000\n  (Session info: chrome=110.0.5481.78)\nBuild info: version: '4.8.0', revision: '267030adea'\nSystem info: os.name: 'Windows 10', os.arch: 'amd64', os.version: '10.0', java.version: '17.0.1'\nDriver info: org.openqa.selenium.chrome.ChromeDriver\nCommand: [e3ffc64cf14dd1ce5a16427ea1c46ba5, screenshot {}]\nCapabilities {acceptInsecureCerts: false, browserName: chrome, browserVersion: 110.0.5481.78, chrome: {chromedriverVersion: 110.0.5481.77 (65ed616c6e8e..., userDataDir: C:\\Users\\IBOZHI~1\\AppData\\L...}, goog:chromeOptions: {debuggerAddress: localhost:60714}, networkConnectionEnabled: false, pageLoadStrategy: normal, platformName: WINDOWS, proxy: Proxy(), se:cdp: ws://localhost:60714/devtoo..., se:cdpVersion: 110.0.5481.78, setWindowRect: true, strictFileInteractability: false, timeouts: {implicit: 0, pageLoad: 300000, script: 30000}, unhandledPromptBehavior: dismiss and notify, webauthn:extension:credBlob: true, webauthn:extension:largeBlob: true, webauthn:virtualAuthenticators: true}\nSession ID: e3ffc64cf14dd1ce5a16427ea1c46ba5\r\n\tat java.base/jdk.internal.reflect.NativeConstructorAccessorImpl.newInstance0(Native Method)\r\n\tat java.base/jdk.internal.reflect.NativeConstructorAccessorImpl.newInstance(NativeConstructorAccessorImpl.java:77)\r\n\tat java.base/jdk.internal.reflect.DelegatingConstructorAccessorImpl.newInstance(DelegatingConstructorAccessorImpl.java:45)\r\n\tat java.base/java.lang.reflect.Constructor.newInstanceWithCaller(Constructor.java:499)\r\n\tat java.base/java.lang.reflect.Constructor.newInstance(Constructor.java:480)\r\n\tat org.openqa.selenium.remote.codec.w3c.W3CHttpResponseCodec.createException(W3CHttpResponseCodec.java:200)\r\n\tat org.openqa.selenium.remote.codec.w3c.W3CHttpResponseCodec.decode(W3CHttpResponseCodec.java:133)\r\n\tat org.openqa.selenium.remote.codec.w3c.W3CHttpResponseCodec.decode(W3CHttpResponseCodec.java:53)\r\n\tat org.openqa.selenium.remote.HttpCommandExecutor.execute(HttpCommandExecutor.java:184)\r\n\tat org.openqa.selenium.remote.service.DriverCommandExecutor.invokeExecute(DriverCommandExecutor.java:167)\r\n\tat org.openqa.selenium.remote.service.DriverCommandExecutor.execute(DriverCommandExecutor.java:142)\r\n\tat org.openqa.selenium.remote.RemoteWebDriver.execute(RemoteWebDriver.java:543)\r\n\tat org.openqa.selenium.remote.RemoteWebDriver.execute(RemoteWebDriver.java:598)\r\n\tat org.openqa.selenium.remote.RemoteWebDriver.execute(RemoteWebDriver.java:602)\r\n\tat org.openqa.selenium.remote.RemoteWebDriver.getScreenshotAs(RemoteWebDriver.java:318)\r\n\tat utils.ScreenshotUtils.takeScreenShot(ScreenshotUtils.java:70)\r\n\tat listeners.TestListener.onTestFailure(TestListener.java:161)\r\n\tat org.testng.internal.TestListenerHelper.runTestListeners(TestListenerHelper.java:96)\r\n\tat org.testng.internal.TestInvoker.runTestResultListener(TestInvoker.java:219)\r\n\tat org.testng.internal.TestInvoker.invokeMethod(TestInvoker.java:656)\r\n\tat org.testng.internal.TestInvoker.invokeTestMethod(TestInvoker.java:173)\r\n\tat org.testng.internal.MethodRunner.runInSequence(MethodRunner.java:46)\r\n\tat org.testng.internal.TestInvoker$MethodInvocationAgent.invoke(TestInvoker.java:824)\r\n\tat org.testng.internal.TestInvoker.invokeTestMethods(TestInvoker.java:146)\r\n\tat org.testng.internal.TestMethodWorker.invokeTestMethods(TestMethodWorker.java:146)\r\n\tat org.testng.internal.TestMethodWorker.run(TestMethodWorker.java:128)\r\n\tat java.base/java.util.concurrent.ThreadPoolExecutor.runWorker(ThreadPoolExecutor.java:1136)\r\n\tat java.base/java.util.concurrent.ThreadPoolExecutor$Worker.run(ThreadPoolExecutor.java:635)\r\n\tat java.base/java.lang.Thread.run(Thread.java:833)\r\n"},"stage":"finished","steps":[{"name":"Open login page","status":"passed","stage":"finished","steps":[{"name":"Open Login Page","status":"passed","stage":"finished","steps":[],"attachments":[],"parameters":[{"name":"verify","value":"false"}],"start":1676036786644,"stop":1676036790723}],"attachments":[],"parameters":[],"start":1676036786644,"stop":1676036790724},{"name":"Type user name","status":"passed","stage":"finished","steps":[],"attachments":[],"parameters":[{"name":"username","value":"addnewhero230210144609"}],"start":1676036792733,"stop":1676036796368},{"name":"Type password","status":"passed","stage":"finished","steps":[],"attachments":[],"parameters":[{"name":"password","value":"Password123"}],"start":1676036796368,"stop":1676036797469},{"name":"Click login button","status":"broken","statusDetails":{"known":false,"muted":false,"flaky":false,"message":"timeout: Timed out receiving message from renderer: 15.000\n  (Session info: chrome=110.0.5481.78)\nBuild info: version: '4.8.0', revision: '267030adea'\nSystem info: os.name: 'Windows 10', os.arch: 'amd64', os.version: '10.0', java.version: '17.0.1'\nDriver info: org.openqa.selenium.chrome.ChromeDriver\nCommand: [e3ffc64cf14dd1ce5a16427ea1c46ba5, clickElement {id=06d965b8-1e10-4480-a55a-a45c9d84616c}]\nCapabilities {acceptInsecureCerts: false, browserName: chrome, browserVersion: 110.0.5481.78, chrome: {chromedriverVersion: 110.0.5481.77 (65ed616c6e8e..., userDataDir: C:\\Users\\IBOZHI~1\\AppData\\L...}, goog:chromeOptions: {debuggerAddress: localhost:60714}, networkConnectionEnabled: false, pageLoadStrategy: normal, platformName: WINDOWS, proxy: Proxy(), se:cdp: ws://localhost:60714/devtoo..., se:cdpVersion: 110.0.5481.78, setWindowRect: true, strictFileInteractability: false, timeouts: {implicit: 0, pageLoad: 300000, script: 30000}, unhandledPromptBehavior: dismiss and notify, webauthn:extension:credBlob: true, webauthn:extension:largeBlob: true, webauthn:virtualAuthenticators: true}\nElement: [[ChromeDriver: chrome on WINDOWS (e3ffc64cf14dd1ce5a16427ea1c46ba5)] -> xpath: //div[@id='loginbox']//input[contains(@class,'btn-primary')]]\nSession ID: e3ffc64cf14dd1ce5a16427ea1c46ba5","trace":"org.openqa.selenium.TimeoutException: timeout: Timed out receiving message from renderer: 15.000\n  (Session info: chrome=110.0.5481.78)\nBuild info: version: '4.8.0', revision: '267030adea'\nSystem info: os.name: 'Windows 10', os.arch: 'amd64', os.version: '10.0', java.version: '17.0.1'\nDriver info: org.openqa.selenium.chrome.ChromeDriver\nCommand: [e3ffc64cf14dd1ce5a16427ea1c46ba5, clickElement {id=06d965b8-1e10-4480-a55a-a45c9d84616c}]\nCapabilities {acceptInsecureCerts: false, browserName: chrome, browserVersion: 110.0.5481.78, chrome: {chromedriverVersion: 110.0.5481.77 (65ed616c6e8e..., userDataDir: C:\\Users\\IBOZHI~1\\AppData\\L...}, goog:chromeOptions: {debuggerAddress: localhost:60714}, networkConnectionEnabled: false, pageLoadStrategy: normal, platformName: WINDOWS, proxy: Proxy(), se:cdp: ws://localhost:60714/devtoo..., se:cdpVersion: 110.0.5481.78, setWindowRect: true, strictFileInteractability: false, timeouts: {implicit: 0, pageLoad: 300000, script: 30000}, unhandledPromptBehavior: dismiss and notify, webauthn:extension:credBlob: true, webauthn:extension:largeBlob: true, webauthn:virtualAuthenticators: true}\nElement: [[ChromeDriver: chrome on WINDOWS (e3ffc64cf14dd1ce5a16427ea1c46ba5)] -> xpath: //div[@id='loginbox']//input[contains(@class,'btn-primary')]]\nSession ID: e3ffc64cf14dd1ce5a16427ea1c46ba5\r\n\tat java.base/jdk.internal.reflect.NativeConstructorAccessorImpl.newInstance0(Native Method)\r\n\tat java.base/jdk.internal.reflect.NativeConstructorAccessorImpl.newInstance(NativeConstructorAccessorImpl.java:77)\r\n\tat java.base/jdk.internal.reflect.DelegatingConstructorAccessorImpl.newInstance(DelegatingConstructorAccessorImpl.java:45)\r\n\tat java.base/java.lang.reflect.Constructor.newInstanceWithCaller(Constructor.java:499)\r\n\tat java.base/java.lang.reflect.Constructor.newInstance(Constructor.java:480)\r\n\tat org.openqa.selenium.remote.codec.w3c.W3CHttpResponseCodec.createException(W3CHttpResponseCodec.java:200)\r\n\tat org.openqa.selenium.remote.codec.w3c.W3CHttpResponseCodec.decode(W3CHttpResponseCodec.java:133)\r\n\tat org.openqa.selenium.remote.codec.w3c.W3CHttpResponseCodec.decode(W3CHttpResponseCodec.java:53)\r\n\tat org.openqa.selenium.remote.HttpCommandExecutor.execute(HttpCommandExecutor.java:184)\r\n\tat org.openqa.selenium.remote.service.DriverCommandExecutor.invokeExecute(DriverCommandExecutor.java:167)\r\n\tat org.openqa.selenium.remote.service.DriverCommandExecutor.execute(DriverCommandExecutor.java:142)\r\n\tat org.openqa.selenium.remote.RemoteWebDriver.execute(RemoteWebDriver.java:543)\r\n\tat org.openqa.selenium.remote.RemoteWebElement.execute(RemoteWebElement.java:257)\r\n\tat org.openqa.selenium.remote.RemoteWebElement.click(RemoteWebElement.java:78)\r\n\tat pages.BasePageClass.clickOnWebElement(BasePageClass.java:207)\r\n\tat pages.LoginPage.clickLoginButtonNoVerification(LoginPage.java:139)\r\n\tat pages.LoginPage.clickLoginButton(LoginPage.java:145)\r\n\tat pages.LoginPage.login(LoginPage.java:243)\r\n\tat pages.LoginPage.login(LoginPage.java:247)\r\n\tat tests.heroes.DeleteHero.testDeleteHero(DeleteHero.java:76)\r\n\tat java.base/jdk.internal.reflect.NativeMethodAccessorImpl.invoke0(Native Method)\r\n\tat java.base/jdk.internal.reflect.NativeMethodAccessorImpl.invoke(NativeMethodAccessorImpl.java:77)\r\n\tat java.base/jdk.internal.reflect.DelegatingMethodAccessorImpl.invoke(DelegatingMethodAccessorImpl.java:43)\r\n\tat java.base/java.lang.reflect.Method.invoke(Method.java:568)\r\n\tat org.testng.internal.MethodInvocationHelper.invokeMethod(MethodInvocationHelper.java:133)\r\n\tat org.testng.internal.TestInvoker.invokeMethod(TestInvoker.java:598)\r\n\tat org.testng.internal.TestInvoker.invokeTestMethod(TestInvoker.java:173)\r\n\tat org.testng.internal.MethodRunner.runInSequence(MethodRunner.java:46)\r\n\tat org.testng.internal.TestInvoker$MethodInvocationAgent.invoke(TestInvoker.java:824)\r\n\tat org.testng.internal.TestInvoker.invokeTestMethods(TestInvoker.java:146)\r\n\tat org.testng.internal.TestMethodWorker.invokeTestMethods(TestMethodWorker.java:146)\r\n\tat org.testng.internal.TestMethodWorker.run(TestMethodWorker.java:128)\r\n\tat java.base/java.util.concurrent.ThreadPoolExecutor.runWorker(ThreadPoolExecutor.java:1136)\r\n\tat java.base/java.util.concurrent.ThreadPoolExecutor$Worker.run(ThreadPoolExecutor.java:635)\r\n\tat java.base/java.lang.Thread.run(Thread.java:833)\r\n"},"stage":"finished","steps":[],"attachments":[],"parameters":[],"start":1676036797470,"stop":1676036813587}],"attachments":[],"parameters":[{"name":"updateJira","value":"true"}],"start":1676036786641,"stop":1676036835955,"uuid":"0dbae808-b757-4ebd-afcf-96dc073c79a4","historyId":"ecfedf508003701d6525bae11127edaf","fullName":"tests.heroes.DeleteHero.testDeleteHero","labels":[{"name":"package","value":"tests.heroes.DeleteHero"},{"name":"testClass","value":"tests.heroes.DeleteHero"},{"name":"testMethod","value":"testDeleteHero"},{"name":"parentSuite","value":"Regression Suite"},{"name":"suite","value":"Regression Tests"},{"name":"subSuite","value":"tests.heroes.DeleteHero"},{"name":"host","value":"EN310366"},{"name":"thread","value":"10276@EN310366.TestNG-test=Regression Tests-2(26)"},{"name":"framework","value":"testng"},{"name":"language","value":"java"},{"name":"story","value":"Delete Hero"},{"name":"severity","value":"critical"}],"links":[]}