{"name":"testRegisterNewUser","status":"failed","statusDetails":{"known":false,"muted":false,"flaky":false,"message":"'SignUp' button is not enabled expected [true] but found [false]","trace":"java.lang.AssertionError: 'SignUp' button is not enabled expected [true] but found [false]\r\n\tat org.testng.Assert.fail(Assert.java:99)\r\n\tat org.testng.Assert.failNotEquals(Assert.java:1037)\r\n\tat org.testng.Assert.assertTrue(Assert.java:45)\r\n\tat pages.RegisterPage.clickSignUpButton(RegisterPage.java:276)\r\n\tat pages.RegisterPage.registerUser(RegisterPage.java:298)\r\n\tat tests.register.SuccessfulRegister.testRegisterNewUser(SuccessfulRegister.java:73)\r\n\tat java.base/jdk.internal.reflect.NativeMethodAccessorImpl.invoke0(Native Method)\r\n\tat java.base/jdk.internal.reflect.NativeMethodAccessorImpl.invoke(NativeMethodAccessorImpl.java:77)\r\n\tat java.base/jdk.internal.reflect.DelegatingMethodAccessorImpl.invoke(DelegatingMethodAccessorImpl.java:43)\r\n\tat java.base/java.lang.reflect.Method.invoke(Method.java:568)\r\n\tat org.testng.internal.MethodInvocationHelper.invokeMethod(MethodInvocationHelper.java:133)\r\n\tat org.testng.internal.TestInvoker.invokeMethod(TestInvoker.java:598)\r\n\tat org.testng.internal.TestInvoker.invokeTestMethod(TestInvoker.java:173)\r\n\tat org.testng.internal.MethodRunner.runInSequence(MethodRunner.java:46)\r\n\tat org.testng.internal.TestInvoker$MethodInvocationAgent.invoke(TestInvoker.java:824)\r\n\tat org.testng.internal.TestInvoker.invokeTestMethods(TestInvoker.java:146)\r\n\tat org.testng.internal.TestMethodWorker.invokeTestMethods(TestMethodWorker.java:146)\r\n\tat org.testng.internal.TestMethodWorker.run(TestMethodWorker.java:128)\r\n\tat java.base/java.util.concurrent.ThreadPoolExecutor.runWorker(ThreadPoolExecutor.java:1136)\r\n\tat java.base/java.util.concurrent.ThreadPoolExecutor$Worker.run(ThreadPoolExecutor.java:635)\r\n\tat java.base/java.lang.Thread.run(Thread.java:833)\r\n"},"stage":"finished","steps":[{"name":"Open login page","status":"passed","stage":"finished","steps":[{"name":"Open Login Page","status":"passed","stage":"finished","steps":[],"attachments":[],"parameters":[{"name":"verify","value":"false"}],"start":1676386500914,"stop":1676386503711}],"attachments":[],"parameters":[],"start":1676386500914,"stop":1676386503711},{"name":"Click on create account button","status":"passed","stage":"finished","steps":[],"attachments":[],"parameters":[],"start":1676386505713,"stop":1676386508111},{"name":"Register new user","status":"failed","statusDetails":{"known":false,"muted":false,"flaky":false,"message":"'SignUp' button is not enabled expected [true] but found [false]","trace":"java.lang.AssertionError: 'SignUp' button is not enabled expected [true] but found [false]\r\n\tat org.testng.Assert.fail(Assert.java:99)\r\n\tat org.testng.Assert.failNotEquals(Assert.java:1037)\r\n\tat org.testng.Assert.assertTrue(Assert.java:45)\r\n\tat pages.RegisterPage.clickSignUpButton(RegisterPage.java:276)\r\n\tat pages.RegisterPage.registerUser(RegisterPage.java:298)\r\n\tat tests.register.SuccessfulRegister.testRegisterNewUser(SuccessfulRegister.java:73)\r\n\tat java.base/jdk.internal.reflect.NativeMethodAccessorImpl.invoke0(Native Method)\r\n\tat java.base/jdk.internal.reflect.NativeMethodAccessorImpl.invoke(NativeMethodAccessorImpl.java:77)\r\n\tat java.base/jdk.internal.reflect.DelegatingMethodAccessorImpl.invoke(DelegatingMethodAccessorImpl.java:43)\r\n\tat java.base/java.lang.reflect.Method.invoke(Method.java:568)\r\n\tat org.testng.internal.MethodInvocationHelper.invokeMethod(MethodInvocationHelper.java:133)\r\n\tat org.testng.internal.TestInvoker.invokeMethod(TestInvoker.java:598)\r\n\tat org.testng.internal.TestInvoker.invokeTestMethod(TestInvoker.java:173)\r\n\tat org.testng.internal.MethodRunner.runInSequence(MethodRunner.java:46)\r\n\tat org.testng.internal.TestInvoker$MethodInvocationAgent.invoke(TestInvoker.java:824)\r\n\tat org.testng.internal.TestInvoker.invokeTestMethods(TestInvoker.java:146)\r\n\tat org.testng.internal.TestMethodWorker.invokeTestMethods(TestMethodWorker.java:146)\r\n\tat org.testng.internal.TestMethodWorker.run(TestMethodWorker.java:128)\r\n\tat java.base/java.util.concurrent.ThreadPoolExecutor.runWorker(ThreadPoolExecutor.java:1136)\r\n\tat java.base/java.util.concurrent.ThreadPoolExecutor$Worker.run(ThreadPoolExecutor.java:635)\r\n\tat java.base/java.lang.Thread.run(Thread.java:833)\r\n"},"stage":"finished","steps":[{"name":"Click sign up button","status":"failed","statusDetails":{"known":false,"muted":false,"flaky":false,"message":"'SignUp' button is not enabled expected [true] but found [false]","trace":"java.lang.AssertionError: 'SignUp' button is not enabled expected [true] but found [false]\r\n\tat org.testng.Assert.fail(Assert.java:99)\r\n\tat org.testng.Assert.failNotEquals(Assert.java:1037)\r\n\tat org.testng.Assert.assertTrue(Assert.java:45)\r\n\tat pages.RegisterPage.clickSignUpButton(RegisterPage.java:276)\r\n\tat pages.RegisterPage.registerUser(RegisterPage.java:298)\r\n\tat tests.register.SuccessfulRegister.testRegisterNewUser(SuccessfulRegister.java:73)\r\n\tat java.base/jdk.internal.reflect.NativeMethodAccessorImpl.invoke0(Native Method)\r\n\tat java.base/jdk.internal.reflect.NativeMethodAccessorImpl.invoke(NativeMethodAccessorImpl.java:77)\r\n\tat java.base/jdk.internal.reflect.DelegatingMethodAccessorImpl.invoke(DelegatingMethodAccessorImpl.java:43)\r\n\tat java.base/java.lang.reflect.Method.invoke(Method.java:568)\r\n\tat org.testng.internal.MethodInvocationHelper.invokeMethod(MethodInvocationHelper.java:133)\r\n\tat org.testng.internal.TestInvoker.invokeMethod(TestInvoker.java:598)\r\n\tat org.testng.internal.TestInvoker.invokeTestMethod(TestInvoker.java:173)\r\n\tat org.testng.internal.MethodRunner.runInSequence(MethodRunner.java:46)\r\n\tat org.testng.internal.TestInvoker$MethodInvocationAgent.invoke(TestInvoker.java:824)\r\n\tat org.testng.internal.TestInvoker.invokeTestMethods(TestInvoker.java:146)\r\n\tat org.testng.internal.TestMethodWorker.invokeTestMethods(TestMethodWorker.java:146)\r\n\tat org.testng.internal.TestMethodWorker.run(TestMethodWorker.java:128)\r\n\tat java.base/java.util.concurrent.ThreadPoolExecutor.runWorker(ThreadPoolExecutor.java:1136)\r\n\tat java.base/java.util.concurrent.ThreadPoolExecutor$Worker.run(ThreadPoolExecutor.java:635)\r\n\tat java.base/java.lang.Thread.run(Thread.java:833)\r\n"},"stage":"finished","steps":[],"attachments":[],"parameters":[],"start":1676386528612,"stop":1676386529557}],"attachments":[],"parameters":[{"name":"user","value":"User {Username: successfulregister230214155500, Password: Password123, Email: successfulregister230214155500@mail.com, Name: Kerry Nader, About: When Chuck Norris presses Ctrl+Alt+Delete, worldwide computer restart is initiated., Secret Question: Question?, Secret Answer: Answer, Created at: null, Hero count: 0, Heroes: []}"}],"start":1676386510157,"stop":1676386529558}],"attachments":[],"parameters":[{"name":"updateJira","value":"true"}],"start":1676386500913,"stop":1676386529559,"uuid":"1d807e60-9773-413a-838d-727b2a4db01a","historyId":"ddd76cda8bf5761c22a4848e89c40740","fullName":"tests.register.SuccessfulRegister.testRegisterNewUser","labels":[{"name":"package","value":"tests.register.SuccessfulRegister"},{"name":"testClass","value":"tests.register.SuccessfulRegister"},{"name":"testMethod","value":"testRegisterNewUser"},{"name":"parentSuite","value":"Regression Suite"},{"name":"suite","value":"Regression Tests"},{"name":"subSuite","value":"tests.register.SuccessfulRegister"},{"name":"host","value":"EN310366"},{"name":"thread","value":"22656@EN310366.TestNG-test=Regression Tests-1(25)"},{"name":"framework","value":"testng"},{"name":"language","value":"java"}],"links":[]}