{"uuid":"3421bb64-1448-415c-b01f-68037f265692","name":"tests.heroes.AddNewHero.setupTest","children":["38d1b4c5-75ee-4089-87a7-c307a7fbf96b"],"description":"","befores":[{"name":"setupTest","status":"failed","statusDetails":{"known":false,"muted":false,"flaky":false,"message":"Wrong Response Status Code in postUser(addnewhero230214152509) Api Call! Response Body: {\"timestamp\":1676384721869,\"status\":500,\"error\":\"Internal Server Error\",\"exception\":\"org.springframework.dao.IncorrectResultSizeDataAccessException\",\"message\":\"result returns more than one elements; nested exception is javax.persistence.NonUniqueResultException: result returns more than one elements\",\"path\":\"/api/users/add\"} expected [200] but found [500]","trace":"java.lang.AssertionError: Wrong Response Status Code in postUser(addnewhero230214152509) Api Call! Response Body: {\"timestamp\":1676384721869,\"status\":500,\"error\":\"Internal Server Error\",\"exception\":\"org.springframework.dao.IncorrectResultSizeDataAccessException\",\"message\":\"result returns more than one elements; nested exception is javax.persistence.NonUniqueResultException: result returns more than one elements\",\"path\":\"/api/users/add\"} expected [200] but found [500]\r\n\tat org.testng.Assert.fail(Assert.java:99)\r\n\tat org.testng.Assert.failNotEquals(Assert.java:1037)\r\n\tat org.testng.Assert.assertEqualsImpl(Assert.java:140)\r\n\tat org.testng.Assert.assertEquals(Assert.java:122)\r\n\tat org.testng.Assert.assertEquals(Assert.java:907)\r\n\tat utils.RestApiUtils.postUser(RestApiUtils.java:130)\r\n\tat utils.RestApiUtils.postUser(RestApiUtils.java:135)\r\n\tat tests.heroes.AddNewHero.setupTest(AddNewHero.java:53)\r\n\tat java.base/jdk.internal.reflect.NativeMethodAccessorImpl.invoke0(Native Method)\r\n\tat java.base/jdk.internal.reflect.NativeMethodAccessorImpl.invoke(NativeMethodAccessorImpl.java:77)\r\n\tat java.base/jdk.internal.reflect.DelegatingMethodAccessorImpl.invoke(DelegatingMethodAccessorImpl.java:43)\r\n\tat java.base/java.lang.reflect.Method.invoke(Method.java:568)\r\n\tat org.testng.internal.MethodInvocationHelper.invokeMethod(MethodInvocationHelper.java:133)\r\n\tat org.testng.internal.MethodInvocationHelper.invokeMethodConsideringTimeout(MethodInvocationHelper.java:62)\r\n\tat org.testng.internal.ConfigInvoker.invokeConfigurationMethod(ConfigInvoker.java:385)\r\n\tat org.testng.internal.ConfigInvoker.invokeConfigurations(ConfigInvoker.java:321)\r\n\tat org.testng.internal.TestInvoker.runConfigMethods(TestInvoker.java:700)\r\n\tat org.testng.internal.TestInvoker.invokeMethod(TestInvoker.java:527)\r\n\tat org.testng.internal.TestInvoker.invokeTestMethod(TestInvoker.java:173)\r\n\tat org.testng.internal.MethodRunner.runInSequence(MethodRunner.java:46)\r\n\tat org.testng.internal.TestInvoker$MethodInvocationAgent.invoke(TestInvoker.java:824)\r\n\tat org.testng.internal.TestInvoker.invokeTestMethods(TestInvoker.java:146)\r\n\tat org.testng.internal.TestMethodWorker.invokeTestMethods(TestMethodWorker.java:146)\r\n\tat org.testng.internal.TestMethodWorker.run(TestMethodWorker.java:128)\r\n\tat java.base/java.util.concurrent.ThreadPoolExecutor.runWorker(ThreadPoolExecutor.java:1136)\r\n\tat java.base/java.util.concurrent.ThreadPoolExecutor$Worker.run(ThreadPoolExecutor.java:635)\r\n\tat java.base/java.lang.Thread.run(Thread.java:833)\r\n"},"stage":"finished","description":"","steps":[],"attachments":[],"parameters":[],"start":1676384693505,"stop":1676384724561}],"afters":[],"links":[],"start":1676384693503,"stop":1676384724561}