{"name":"testRegisterNewUser","status":"failed","statusDetails":{"known":false,"muted":false,"flaky":false,"message":"'SignUp' button is not enabled expected [true] but found [false]","trace":"java.lang.AssertionError: 'SignUp' button is not enabled expected [true] but found [false]\r\n\tat org.testng.Assert.fail(Assert.java:99)\r\n\tat org.testng.Assert.failNotEquals(Assert.java:1037)\r\n\tat org.testng.Assert.assertTrue(Assert.java:45)\r\n\tat pages.RegisterPage.clickSignUpButton(RegisterPage.java:278)\r\n\tat pages.RegisterPage.registerUser(RegisterPage.java:300)\r\n\tat tests.register.SuccessfulRegister.testRegisterNewUser(SuccessfulRegister.java:72)\r\n\tat java.base/jdk.internal.reflect.NativeMethodAccessorImpl.invoke0(Native Method)\r\n\tat java.base/jdk.internal.reflect.NativeMethodAccessorImpl.invoke(NativeMethodAccessorImpl.java:77)\r\n\tat java.base/jdk.internal.reflect.DelegatingMethodAccessorImpl.invoke(DelegatingMethodAccessorImpl.java:43)\r\n\tat java.base/java.lang.reflect.Method.invoke(Method.java:568)\r\n\tat org.testng.internal.MethodInvocationHelper.invokeMethod(MethodInvocationHelper.java:133)\r\n\tat org.testng.internal.TestInvoker.invokeMethod(TestInvoker.java:598)\r\n\tat org.testng.internal.TestInvoker.invokeTestMethod(TestInvoker.java:173)\r\n\tat org.testng.internal.MethodRunner.runInSequence(MethodRunner.java:46)\r\n\tat org.testng.internal.TestInvoker$MethodInvocationAgent.invoke(TestInvoker.java:824)\r\n\tat org.testng.internal.TestInvoker.invokeTestMethods(TestInvoker.java:146)\r\n\tat org.testng.internal.TestMethodWorker.invokeTestMethods(TestMethodWorker.java:146)\r\n\tat org.testng.internal.TestMethodWorker.run(TestMethodWorker.java:128)\r\n\tat java.base/java.util.concurrent.ThreadPoolExecutor.runWorker(ThreadPoolExecutor.java:1136)\r\n\tat java.base/java.util.concurrent.ThreadPoolExecutor$Worker.run(ThreadPoolExecutor.java:635)\r\n\tat java.base/java.lang.Thread.run(Thread.java:833)\r\n"},"stage":"finished","steps":[{"name":"Open login page","status":"passed","stage":"finished","steps":[{"name":"Open Login Page","status":"passed","stage":"finished","steps":[],"attachments":[],"parameters":[{"name":"verify","value":"false"}],"start":1670978623919,"stop":1670978627503}],"attachments":[],"parameters":[],"start":1670978623919,"stop":1670978627503},{"name":"Click on create account button","status":"passed","stage":"finished","steps":[],"attachments":[],"parameters":[],"start":1670978629509,"stop":1670978632900},{"name":"Register new user","status":"failed","statusDetails":{"known":false,"muted":false,"flaky":false,"message":"'SignUp' button is not enabled expected [true] but found [false]","trace":"java.lang.AssertionError: 'SignUp' button is not enabled expected [true] but found [false]\r\n\tat org.testng.Assert.fail(Assert.java:99)\r\n\tat org.testng.Assert.failNotEquals(Assert.java:1037)\r\n\tat org.testng.Assert.assertTrue(Assert.java:45)\r\n\tat pages.RegisterPage.clickSignUpButton(RegisterPage.java:278)\r\n\tat pages.RegisterPage.registerUser(RegisterPage.java:300)\r\n\tat tests.register.SuccessfulRegister.testRegisterNewUser(SuccessfulRegister.java:72)\r\n\tat java.base/jdk.internal.reflect.NativeMethodAccessorImpl.invoke0(Native Method)\r\n\tat java.base/jdk.internal.reflect.NativeMethodAccessorImpl.invoke(NativeMethodAccessorImpl.java:77)\r\n\tat java.base/jdk.internal.reflect.DelegatingMethodAccessorImpl.invoke(DelegatingMethodAccessorImpl.java:43)\r\n\tat java.base/java.lang.reflect.Method.invoke(Method.java:568)\r\n\tat org.testng.internal.MethodInvocationHelper.invokeMethod(MethodInvocationHelper.java:133)\r\n\tat org.testng.internal.TestInvoker.invokeMethod(TestInvoker.java:598)\r\n\tat org.testng.internal.TestInvoker.invokeTestMethod(TestInvoker.java:173)\r\n\tat org.testng.internal.MethodRunner.runInSequence(MethodRunner.java:46)\r\n\tat org.testng.internal.TestInvoker$MethodInvocationAgent.invoke(TestInvoker.java:824)\r\n\tat org.testng.internal.TestInvoker.invokeTestMethods(TestInvoker.java:146)\r\n\tat org.testng.internal.TestMethodWorker.invokeTestMethods(TestMethodWorker.java:146)\r\n\tat org.testng.internal.TestMethodWorker.run(TestMethodWorker.java:128)\r\n\tat java.base/java.util.concurrent.ThreadPoolExecutor.runWorker(ThreadPoolExecutor.java:1136)\r\n\tat java.base/java.util.concurrent.ThreadPoolExecutor$Worker.run(ThreadPoolExecutor.java:635)\r\n\tat java.base/java.lang.Thread.run(Thread.java:833)\r\n"},"stage":"finished","steps":[{"name":"Click sign up button","status":"failed","statusDetails":{"known":false,"muted":false,"flaky":false,"message":"'SignUp' button is not enabled expected [true] but found [false]","trace":"java.lang.AssertionError: 'SignUp' button is not enabled expected [true] but found [false]\r\n\tat org.testng.Assert.fail(Assert.java:99)\r\n\tat org.testng.Assert.failNotEquals(Assert.java:1037)\r\n\tat org.testng.Assert.assertTrue(Assert.java:45)\r\n\tat pages.RegisterPage.clickSignUpButton(RegisterPage.java:278)\r\n\tat pages.RegisterPage.registerUser(RegisterPage.java:300)\r\n\tat tests.register.SuccessfulRegister.testRegisterNewUser(SuccessfulRegister.java:72)\r\n\tat java.base/jdk.internal.reflect.NativeMethodAccessorImpl.invoke0(Native Method)\r\n\tat java.base/jdk.internal.reflect.NativeMethodAccessorImpl.invoke(NativeMethodAccessorImpl.java:77)\r\n\tat java.base/jdk.internal.reflect.DelegatingMethodAccessorImpl.invoke(DelegatingMethodAccessorImpl.java:43)\r\n\tat java.base/java.lang.reflect.Method.invoke(Method.java:568)\r\n\tat org.testng.internal.MethodInvocationHelper.invokeMethod(MethodInvocationHelper.java:133)\r\n\tat org.testng.internal.TestInvoker.invokeMethod(TestInvoker.java:598)\r\n\tat org.testng.internal.TestInvoker.invokeTestMethod(TestInvoker.java:173)\r\n\tat org.testng.internal.MethodRunner.runInSequence(MethodRunner.java:46)\r\n\tat org.testng.internal.TestInvoker$MethodInvocationAgent.invoke(TestInvoker.java:824)\r\n\tat org.testng.internal.TestInvoker.invokeTestMethods(TestInvoker.java:146)\r\n\tat org.testng.internal.TestMethodWorker.invokeTestMethods(TestMethodWorker.java:146)\r\n\tat org.testng.internal.TestMethodWorker.run(TestMethodWorker.java:128)\r\n\tat java.base/java.util.concurrent.ThreadPoolExecutor.runWorker(ThreadPoolExecutor.java:1136)\r\n\tat java.base/java.util.concurrent.ThreadPoolExecutor$Worker.run(ThreadPoolExecutor.java:635)\r\n\tat java.base/java.lang.Thread.run(Thread.java:833)\r\n"},"stage":"finished","steps":[],"attachments":[],"parameters":[],"start":1670978648003,"stop":1670978648488}],"attachments":[],"parameters":[{"name":"user","value":"User {Username: SuccessfulRegister, Password: password123, Email: SuccessfulRegister@mail.com, Name: Dot Cremin, About: Chuck Norris finished World of Warcraft., Secret Question: Question?, Secret Answer: Answer, Created at: null, Hero count: 0, Heroes: []}"}],"start":1670978634940,"stop":1670978648488}],"attachments":[{"name":"96807091-1c8a-45aa-81de-76f83869d125","source":"c97b55b0-7698-4c1c-b9a6-84596f6a3fc4-attachment"}],"parameters":[],"start":1670978623918,"stop":1670978649077,"uuid":"90776be7-7e9f-47e8-b9c4-6345452ca8a5","historyId":"49b1c778a763640d08660c1faea2445b","fullName":"tests.register.SuccessfulRegister.testRegisterNewUser","labels":[{"name":"package","value":"tests.register.SuccessfulRegister"},{"name":"testClass","value":"tests.register.SuccessfulRegister"},{"name":"testMethod","value":"testRegisterNewUser"},{"name":"parentSuite","value":"Regression Suite"},{"name":"suite","value":"Login Tests"},{"name":"subSuite","value":"tests.register.SuccessfulRegister"},{"name":"host","value":"EN310366"},{"name":"thread","value":"17168@EN310366.TestNG-test=Login Tests-3(24)"},{"name":"framework","value":"testng"},{"name":"language","value":"java"}],"links":[]}