<?xml version="1.0" encoding="UTF-8" ?>
<testsuite tests="4" failures="2" name="TestSuite" time="65.13" errors="0" skipped="0">
  <properties>
    <property name="java.runtime.name" value="Java(TM) SE Runtime Environment"/>
    <property name="java.vm.version" value="17.0.1+12-LTS-39"/>
    <property name="sun.boot.library.path" value="C:\Program Files\Java\jdk-17.0.1\bin"/>
    <property name="maven.multiModuleProjectDirectory" value="C:\Users\ibozhinovski\OneDrive - ENDAVA\Desktop\GenericTAFramework"/>
    <property name="java.vm.vendor" value="Oracle Corporation"/>
    <property name="java.vendor.url" value="https://java.oracle.com/"/>
    <property name="guice.disable.misplaced.annotation.check" value="true"/>
    <property name="path.separator" value=";"/>
    <property name="java.vm.name" value="Java HotSpot(TM) 64-Bit Server VM"/>
    <property name="sun.os.patch.level" value=""/>
    <property name="user.script" value=""/>
    <property name="user.country" value="US"/>
    <property name="sun.java.launcher" value="SUN_STANDARD"/>
    <property name="java.vm.specification.name" value="Java Virtual Machine Specification"/>
    <property name="user.dir" value="C:\Users\ibozhinovski\OneDrive - ENDAVA\Desktop\GenericTAFramework"/>
    <property name="java.vm.compressedOopsMode" value="Zero based"/>
    <property name="java.runtime.version" value="17.0.1+12-LTS-39"/>
    <property name="os.arch" value="amd64"/>
    <property name="java.io.tmpdir" value="C:\Users\IBOZHI~1\AppData\Local\Temp\"/>
    <property name="line.separator" value="
"/>
    <property name="java.vm.specification.vendor" value="Oracle Corporation"/>
    <property name="user.variant" value=""/>
    <property name="os.name" value="Windows 10"/>
    <property name="classworlds.conf" value="C:\Maven\apache-maven-3.8.6\bin\m2.conf"/>
    <property name="sun.jnu.encoding" value="Cp1252"/>
    <property name="java.library.path" value="C:\Program Files\Java\jdk-17.0.1\bin;C:\WINDOWS\Sun\Java\bin;C:\WINDOWS\system32;C:\WINDOWS;C:\Program Files (x86)\Microsoft SDKs\Azure\CLI2\wbin;C:\Program Files\Common Files\Oracle\Java\javapath;C:\Program Files (x86)\Common Files\Oracle\Java\javapath;C:\ProgramData\Oracle\Java\javapath;C:\WINDOWS\system32;C:\WINDOWS;C:\WINDOWS\System32\Wbem;C:\WINDOWS\System32\WindowsPowerShell\v1.0\;C:\WINDOWS\System32\OpenSSH\;C:\Program Files\OpenVPN\bin;C:\Program Files\Microsoft SQL Server\Client SDK\ODBC\130\Tools\Binn\;C:\Program Files (x86)\Microsoft SQL Server\140\Tools\Binn\;C:\Program Files\Microsoft SQL Server\140\Tools\Binn\;C:\Program Files\Microsoft SQL Server\140\DTS\Binn\;C:\Program Files (x86)\Microsoft SQL Server\150\DTS\Binn\;C:\Program Files\dotnet\;C:\Program Files\Microsoft SQL Server\130\Tools\Binn\;C:\Program Files\Microsoft SQL Server\Client SDK\ODBC\170\Tools\Binn\;C:\Program Files\Intel\WiFi\bin\;C:\Program Files\Common Files\Intel\WirelessCommon\;C:\Program Files\nodejs\;C:\Program Files\Allure\allure-commandline-2.8.0\allure-2.8.0\bin;C:\Program Files (x86)\Intel\Intel(R) Management Engine Components\DAL;C:\Program Files\Intel\Intel(R) Management Engine Components\DAL;C:\Program Files\k6\;C:\Program Files\Azure Data Studio\bin;C:\Program Files\PuTTY\;C:\Maven\apache-maven-3.8.6\bin;C:\Program Files\Git\cmd;C:\Program Files\Docker\Docker\resources\bin;C:\Users\ibozhinovski\AppData\Local\Microsoft\WindowsApps;;C:\Users\ibozhinovski\AppData\Local\Programs\Microsoft VS Code\bin;C:\Users\ibozhinovski\AppData\Roaming\npm;C:\Users\ibozhinovski\AppData\Local\Programs\Rancher Desktop\resources\resources\win32\bin;C:\Users\ibozhinovski\AppData\Local\Programs\Rancher Desktop\resources\resources\linux\bin;."/>
    <property name="maven.conf" value="C:\Maven\apache-maven-3.8.6/conf"/>
    <property name="jdk.debug" value="release"/>
    <property name="java.class.version" value="61.0"/>
    <property name="java.specification.name" value="Java Platform API Specification"/>
    <property name="sun.management.compiler" value="HotSpot 64-Bit Tiered Compilers"/>
    <property name="os.version" value="10.0"/>
    <property name="library.jansi.path" value="C:\Maven\apache-maven-3.8.6\lib\jansi-native"/>
    <property name="user.home" value="C:\Users\ibozhinovski"/>
    <property name="user.timezone" value="Europe/Warsaw"/>
    <property name="file.encoding" value="Cp1252"/>
    <property name="java.specification.version" value="17"/>
    <property name="user.name" value="ibozhinovski"/>
    <property name="java.class.path" value="C:\Maven\apache-maven-3.8.6\boot\plexus-classworlds-2.6.0.jar"/>
    <property name="java.vm.specification.version" value="17"/>
    <property name="sun.arch.data.model" value="64"/>
    <property name="sun.java.command" value="org.codehaus.plexus.classworlds.launcher.Launcher clean install"/>
    <property name="java.home" value="C:\Program Files\Java\jdk-17.0.1"/>
    <property name="user.language" value="en"/>
    <property name="java.specification.vendor" value="Oracle Corporation"/>
    <property name="java.vm.info" value="mixed mode, sharing"/>
    <property name="java.version" value="17.0.1"/>
    <property name="native.encoding" value="Cp1252"/>
    <property name="java.vendor" value="Oracle Corporation"/>
    <property name="sun.stderr.encoding" value="cp437"/>
    <property name="maven.home" value="C:\Maven\apache-maven-3.8.6"/>
    <property name="file.separator" value="\"/>
    <property name="java.version.date" value="2021-10-19"/>
    <property name="java.vendor.url.bug" value="https://bugreport.java.com/bugreport/"/>
    <property name="sun.io.unicode.encoding" value="UnicodeLittle"/>
    <property name="sun.cpu.endian" value="little"/>
    <property name="sun.stdout.encoding" value="cp437"/>
    <property name="sun.cpu.isalist" value="amd64"/>
  </properties>
  <testcase classname="tests.database.DatabaseTest" name="testDatabase" time="21.213">
    <failure message="Exception in method getUsername:Communications link failure

The last packet sent successfully to the server was 0 milliseconds ago. The driver has not received any packets from the server." type="java.lang.AssertionError">java.lang.AssertionError: Exception in method getUsername:Communications link failure
The last packet sent successfully to the server was 0 milliseconds ago. The driver has not received any packets from the server.
	at org.testng.Assert.fail(Assert.java:99)
	at utils.DatabaseUtils.getUserID(DatabaseUtils.java:52)
	at tests.database.DatabaseTest.testDatabase(DatabaseTest.java:59)
</failure>
    <system-out>Configuring TestNG with: org.apache.maven.surefire.testng.conf.TestNG652Configurator@7ac7a4e4
[INFO ] 2023-02-15 15:58:07.269 - [SUITE STARTED] Command line suite
[WARN ] 2023-02-15 15:58:07.274 - Parameter updateJira is not set in &apos;Command line suite&apos; suite
[WARN ] 2023-02-15 15:58:07.295 - Extent Report Folder C:\Users\ibozhinovski\OneDrive - ENDAVA\Desktop\GenericTAFramework\\reports\\command_line_suite\can not be cleanedFile system element for parameter &apos;directory&apos; does not exist: &apos;C:\Users\ibozhinovski\OneDrive - ENDAVA\Desktop\GenericTAFramework\reports\command_line_suite&apos;
[DEBUG] 2023-02-15 15:58:08.119 - [SETUP TEST] tests.database.DatabaseTest
[DEBUG] 2023-02-15 15:58:08.567 - postUser(newdatabaseuser230215155808)
[DEBUG] 2023-02-15 15:58:08.568 - checkIfUserExists(newdatabaseuser230215155808)
[DEBUG] 2023-02-15 15:58:13.027 - checkIfUserExists(newdatabaseuser230215155808)
[DEBUG] 2023-02-15 15:58:13.321 - User Created: true
[DEBUG] 2023-02-15 15:58:13.321 - getUser(newdatabaseuser230215155808)
[DEBUG] 2023-02-15 15:58:13.321 - getUserJsonFormat(newdatabaseuser230215155808)
[DEBUG] 2023-02-15 15:58:13.322 - checkIfUserExists(newdatabaseuser230215155808)
[INFO ] 2023-02-15 15:58:14.227 - [TEST STARTED] tests.database.DatabaseTest
[DEBUG] 2023-02-15 15:58:14.289 - [START TEST] tests.database.DatabaseTest
[INFO ] 2023-02-15 15:58:35.477 - [TEST FAILED] tests.database.DatabaseTest
[INFO ] 2023-02-15 15:58:35.478 - Taking ScreenShot from Listener!
</system-out>
  </testcase>
  <testcase classname="tests.login.LoginTest" name="testSuccessfulLoginLogout" time="13.8"/>
  <testcase classname="tests.login.LoginTest" name="testUnsuccessfulLoginWrongPassword" time="15.371"/>
  <testcase classname="tests.users.AddNewUserTest" name="testAddingNewUser" time="14.746">
    <failure message="User &apos;dedoje&apos; is NOT present in Users Table! expected [true] but found [false]" type="java.lang.AssertionError">java.lang.AssertionError: User &apos;dedoje&apos; is NOT present in Users Table! expected [true] but found [false]
	at org.testng.Assert.fail(Assert.java:99)
	at org.testng.Assert.failNotEquals(Assert.java:1037)
	at org.testng.Assert.assertTrue(Assert.java:45)
	at pages.UsersPage.getDisplayNameInUsersTable(UsersPage.java:159)
	at tests.users.AddNewUserTest.testAddingNewUser(AddNewUserTest.java:67)
</failure>
    <system-out>[DEBUG] 2023-02-15 15:59:05.859 - [SETUP TEST] tests.users.AddNewUserTest
[INFO ] 2023-02-15 15:59:05.859 - setupDriver()
[INFO ] 2023-02-15 15:59:08.940 - [TEST STARTED] tests.users.AddNewUserTest
[DEBUG] 2023-02-15 15:59:08.949 - [START TEST] tests.users.AddNewUserTest
[DEBUG] 2023-02-15 15:59:08.949 - Open LoginPage(http://18.219.75.209:8080/login)
[INFO ] 2023-02-15 15:59:12.830 - Login(admin,password)
[INFO ] 2023-02-15 15:59:12.831 - typeUsername(admin)
[DEBUG] 2023-02-15 15:59:12.831 - isUsernameTextFieldDisplayed()
[INFO ] 2023-02-15 15:59:13.254 - typePassword(password)
[DEBUG] 2023-02-15 15:59:13.255 - isUsernameTextFieldDisplayed()
[DEBUG] 2023-02-15 15:59:13.465 - clickLoginButton()
[DEBUG] 2023-02-15 15:59:13.465 - isLoginButtonEnabled()
[DEBUG] 2023-02-15 15:59:13.466 - isLoginButtonDisplayed()
[DEBUG] 2023-02-15 15:59:15.049 - Verify login page
[DEBUG] 2023-02-15 15:59:17.134 - clickUsersTab()
[DEBUG] 2023-02-15 15:59:17.134 - isUsersTabDisplayed()
[DEBUG] 2023-02-15 15:59:18.113 - verifyUsersPage()
[DEBUG] 2023-02-15 15:59:20.150 - isUserPresentInUsersTable(dedoje)
[INFO ] 2023-02-15 15:59:21.209 - Is username dedoje exists? false
[DEBUG] 2023-02-15 15:59:21.210 - isUserPresentInUsersTable(fddefef)
[INFO ] 2023-02-15 15:59:22.289 - Is username fddefef exists?false
[DEBUG] 2023-02-15 15:59:22.290 - getDisplayNameInUsersTable(dedoje)
[DEBUG] 2023-02-15 15:59:22.290 - isUserPresentInUsersTable(dedoje)
[INFO ] 2023-02-15 15:59:23.393 - [TEST FAILED] tests.users.AddNewUserTest
[INFO ] 2023-02-15 15:59:23.394 - Taking ScreenShot from Listener!
[INFO ] 2023-02-15 15:59:23.679 - Screenshot for test &apos;tests.users.AddNewUserTest&apos; is saved in file: C:\Users\ibozhinovski\OneDrive - ENDAVA\Desktop\GenericTAFramework\\screenshots\\tests.users.AddNewUserTest_230215155923.png
</system-out>
    <system-err>Starting ChromeDriver 110.0.5481.77 (65ed616c6e8ee3fe0ad64fe83796c020644d42af-refs/branch-heads/5481@{#839}) on port 42505
Only local connections are allowed.
Please see https://chromedriver.chromium.org/security-considerations for suggestions on keeping ChromeDriver safe.
ChromeDriver was started successfully.
[1676473148.473][WARNING]: virtual void DevToolsClientImpl::AddListener(DevToolsEventListener *) subscribing a listener to the already connected DevToolsClient. Connection notification will not arrive.
Feb 15, 2023 3:59:08 PM org.openqa.selenium.devtools.CdpVersionFinder findNearestMatch
WARNING: Unable to find an exact match for CDP version 110, so returning the closest version found: 109
</system-err>
  </testcase>
</testsuite>