{
  "uid" : "add423770f5b89ae",
  "name" : "testSuccessfulLoginLogout",
  "fullName" : "tests.login.SuccessfulLoginLogout.testSuccessfulLoginLogout",
  "historyId" : "252057ac553e481e5b0ed15ea3a642",
  "time" : {
    "start" : 1670978634860,
    "stop" : 1670978634861,
    "duration" : 1
  },
  "status" : "skipped",
  "statusMessage" : "Wrong Response Status Code in postUser(SuccessfulLoginLogout) Api Call! Response Body: {\"timestamp\":1670978631612,\"status\":500,\"error\":\"Internal Server Error\",\"exception\":\"java.lang.IllegalArgumentException\",\"message\":\"Incorrect format of Username!\",\"path\":\"/api/users/add\"} expected [200] but found [500]",
  "statusTrace" : "java.lang.AssertionError: Wrong Response Status Code in postUser(SuccessfulLoginLogout) Api Call! Response Body: {\"timestamp\":1670978631612,\"status\":500,\"error\":\"Internal Server Error\",\"exception\":\"java.lang.IllegalArgumentException\",\"message\":\"Incorrect format of Username!\",\"path\":\"/api/users/add\"} expected [200] but found [500]\r\n\tat org.testng.Assert.fail(Assert.java:99)\r\n\tat org.testng.Assert.failNotEquals(Assert.java:1037)\r\n\tat org.testng.Assert.assertEqualsImpl(Assert.java:140)\r\n\tat org.testng.Assert.assertEquals(Assert.java:122)\r\n\tat org.testng.Assert.assertEquals(Assert.java:907)\r\n\tat utils.RestApiUtils.postUser(RestApiUtils.java:170)\r\n\tat utils.RestApiUtils.postUser(RestApiUtils.java:175)\r\n\tat tests.login.SuccessfulLoginLogout.setupTest(SuccessfulLoginLogout.java:56)\r\n\tat java.base/jdk.internal.reflect.NativeMethodAccessorImpl.invoke0(Native Method)\r\n\tat java.base/jdk.internal.reflect.NativeMethodAccessorImpl.invoke(NativeMethodAccessorImpl.java:77)\r\n\tat java.base/jdk.internal.reflect.DelegatingMethodAccessorImpl.invoke(DelegatingMethodAccessorImpl.java:43)\r\n\tat java.base/java.lang.reflect.Method.invoke(Method.java:568)\r\n\tat org.testng.internal.MethodInvocationHelper.invokeMethod(MethodInvocationHelper.java:133)\r\n\tat org.testng.internal.MethodInvocationHelper.invokeMethodConsideringTimeout(MethodInvocationHelper.java:62)\r\n\tat org.testng.internal.ConfigInvoker.invokeConfigurationMethod(ConfigInvoker.java:385)\r\n\tat org.testng.internal.ConfigInvoker.invokeConfigurations(ConfigInvoker.java:321)\r\n\tat org.testng.internal.TestInvoker.runConfigMethods(TestInvoker.java:700)\r\n\tat org.testng.internal.TestInvoker.invokeMethod(TestInvoker.java:527)\r\n\tat org.testng.internal.TestInvoker.invokeTestMethod(TestInvoker.java:173)\r\n\tat org.testng.internal.MethodRunner.runInSequence(MethodRunner.java:46)\r\n\tat org.testng.internal.TestInvoker$MethodInvocationAgent.invoke(TestInvoker.java:824)\r\n\tat org.testng.internal.TestInvoker.invokeTestMethods(TestInvoker.java:146)\r\n\tat org.testng.internal.TestMethodWorker.invokeTestMethods(TestMethodWorker.java:146)\r\n\tat org.testng.internal.TestMethodWorker.run(TestMethodWorker.java:128)\r\n\tat java.base/java.util.concurrent.ThreadPoolExecutor.runWorker(ThreadPoolExecutor.java:1136)\r\n\tat java.base/java.util.concurrent.ThreadPoolExecutor$Worker.run(ThreadPoolExecutor.java:635)\r\n\tat java.base/java.lang.Thread.run(Thread.java:833)\r\n",
  "flaky" : false,
  "beforeStages" : [ {
    "name" : "setupTest",
    "time" : {
      "start" : 1670978613389,
      "stop" : 1670978634764,
      "duration" : 21375
    },
    "description" : "",
    "status" : "failed",
    "statusMessage" : "Wrong Response Status Code in postUser(SuccessfulLoginLogout) Api Call! Response Body: {\"timestamp\":1670978631612,\"status\":500,\"error\":\"Internal Server Error\",\"exception\":\"java.lang.IllegalArgumentException\",\"message\":\"Incorrect format of Username!\",\"path\":\"/api/users/add\"} expected [200] but found [500]",
    "statusTrace" : "java.lang.AssertionError: Wrong Response Status Code in postUser(SuccessfulLoginLogout) Api Call! Response Body: {\"timestamp\":1670978631612,\"status\":500,\"error\":\"Internal Server Error\",\"exception\":\"java.lang.IllegalArgumentException\",\"message\":\"Incorrect format of Username!\",\"path\":\"/api/users/add\"} expected [200] but found [500]\r\n\tat org.testng.Assert.fail(Assert.java:99)\r\n\tat org.testng.Assert.failNotEquals(Assert.java:1037)\r\n\tat org.testng.Assert.assertEqualsImpl(Assert.java:140)\r\n\tat org.testng.Assert.assertEquals(Assert.java:122)\r\n\tat org.testng.Assert.assertEquals(Assert.java:907)\r\n\tat utils.RestApiUtils.postUser(RestApiUtils.java:170)\r\n\tat utils.RestApiUtils.postUser(RestApiUtils.java:175)\r\n\tat tests.login.SuccessfulLoginLogout.setupTest(SuccessfulLoginLogout.java:56)\r\n\tat java.base/jdk.internal.reflect.NativeMethodAccessorImpl.invoke0(Native Method)\r\n\tat java.base/jdk.internal.reflect.NativeMethodAccessorImpl.invoke(NativeMethodAccessorImpl.java:77)\r\n\tat java.base/jdk.internal.reflect.DelegatingMethodAccessorImpl.invoke(DelegatingMethodAccessorImpl.java:43)\r\n\tat java.base/java.lang.reflect.Method.invoke(Method.java:568)\r\n\tat org.testng.internal.MethodInvocationHelper.invokeMethod(MethodInvocationHelper.java:133)\r\n\tat org.testng.internal.MethodInvocationHelper.invokeMethodConsideringTimeout(MethodInvocationHelper.java:62)\r\n\tat org.testng.internal.ConfigInvoker.invokeConfigurationMethod(ConfigInvoker.java:385)\r\n\tat org.testng.internal.ConfigInvoker.invokeConfigurations(ConfigInvoker.java:321)\r\n\tat org.testng.internal.TestInvoker.runConfigMethods(TestInvoker.java:700)\r\n\tat org.testng.internal.TestInvoker.invokeMethod(TestInvoker.java:527)\r\n\tat org.testng.internal.TestInvoker.invokeTestMethod(TestInvoker.java:173)\r\n\tat org.testng.internal.MethodRunner.runInSequence(MethodRunner.java:46)\r\n\tat org.testng.internal.TestInvoker$MethodInvocationAgent.invoke(TestInvoker.java:824)\r\n\tat org.testng.internal.TestInvoker.invokeTestMethods(TestInvoker.java:146)\r\n\tat org.testng.internal.TestMethodWorker.invokeTestMethods(TestMethodWorker.java:146)\r\n\tat org.testng.internal.TestMethodWorker.run(TestMethodWorker.java:128)\r\n\tat java.base/java.util.concurrent.ThreadPoolExecutor.runWorker(ThreadPoolExecutor.java:1136)\r\n\tat java.base/java.util.concurrent.ThreadPoolExecutor$Worker.run(ThreadPoolExecutor.java:635)\r\n\tat java.base/java.lang.Thread.run(Thread.java:833)\r\n",
    "steps" : [ ],
    "attachments" : [ ],
    "parameters" : [ ],
    "attachmentsCount" : 0,
    "shouldDisplayMessage" : true,
    "stepsCount" : 0,
    "hasContent" : true
  } ],
  "afterStages" : [ {
    "name" : "tearDownTest",
    "time" : {
      "start" : 1670978634872,
      "stop" : 1670978646418,
      "duration" : 11546
    },
    "description" : "",
    "status" : "passed",
    "steps" : [ ],
    "attachments" : [ ],
    "parameters" : [ ],
    "attachmentsCount" : 0,
    "shouldDisplayMessage" : false,
    "stepsCount" : 0,
    "hasContent" : false
  } ],
  "labels" : [ {
    "name" : "package",
    "value" : "tests.login.SuccessfulLoginLogout"
  }, {
    "name" : "testClass",
    "value" : "tests.login.SuccessfulLoginLogout"
  }, {
    "name" : "testMethod",
    "value" : "testSuccessfulLoginLogout"
  }, {
    "name" : "parentSuite",
    "value" : "Regression Suite"
  }, {
    "name" : "suite",
    "value" : "Login Tests"
  }, {
    "name" : "subSuite",
    "value" : "tests.login.SuccessfulLoginLogout"
  }, {
    "name" : "host",
    "value" : "EN310366"
  }, {
    "name" : "thread",
    "value" : "17168@EN310366.TestNG-test=Login Tests-1(22)"
  }, {
    "name" : "framework",
    "value" : "testng"
  }, {
    "name" : "language",
    "value" : "java"
  }, {
    "name" : "story",
    "value" : "Successful Login"
  }, {
    "name" : "severity",
    "value" : "critical"
  }, {
    "name" : "resultFormat",
    "value" : "allure2"
  } ],
  "parameters" : [ ],
  "links" : [ ],
  "hidden" : false,
  "retry" : false,
  "extra" : {
    "severity" : "critical",
    "retries" : [ ],
    "categories" : [ ],
    "tags" : [ ]
  },
  "source" : "add423770f5b89ae.json",
  "parameterValues" : [ ]
}