{
  "uid" : "f3ed2c3a8aeb0abc",
  "name" : "testRegisterNewUser",
  "fullName" : "tests.register.SuccessfulRegister.testRegisterNewUser",
  "historyId" : "49b1c778a763640d08660c1faea2445b",
  "time" : {
    "start" : 1670978623918,
    "stop" : 1670978649077,
    "duration" : 25159
  },
  "status" : "failed",
  "statusMessage" : "'SignUp' button is not enabled expected [true] but found [false]",
  "statusTrace" : "java.lang.AssertionError: 'SignUp' button is not enabled expected [true] but found [false]\r\n\tat org.testng.Assert.fail(Assert.java:99)\r\n\tat org.testng.Assert.failNotEquals(Assert.java:1037)\r\n\tat org.testng.Assert.assertTrue(Assert.java:45)\r\n\tat pages.RegisterPage.clickSignUpButton(RegisterPage.java:278)\r\n\tat pages.RegisterPage.registerUser(RegisterPage.java:300)\r\n\tat tests.register.SuccessfulRegister.testRegisterNewUser(SuccessfulRegister.java:72)\r\n\tat java.base/jdk.internal.reflect.NativeMethodAccessorImpl.invoke0(Native Method)\r\n\tat java.base/jdk.internal.reflect.NativeMethodAccessorImpl.invoke(NativeMethodAccessorImpl.java:77)\r\n\tat java.base/jdk.internal.reflect.DelegatingMethodAccessorImpl.invoke(DelegatingMethodAccessorImpl.java:43)\r\n\tat java.base/java.lang.reflect.Method.invoke(Method.java:568)\r\n\tat org.testng.internal.MethodInvocationHelper.invokeMethod(MethodInvocationHelper.java:133)\r\n\tat org.testng.internal.TestInvoker.invokeMethod(TestInvoker.java:598)\r\n\tat org.testng.internal.TestInvoker.invokeTestMethod(TestInvoker.java:173)\r\n\tat org.testng.internal.MethodRunner.runInSequence(MethodRunner.java:46)\r\n\tat org.testng.internal.TestInvoker$MethodInvocationAgent.invoke(TestInvoker.java:824)\r\n\tat org.testng.internal.TestInvoker.invokeTestMethods(TestInvoker.java:146)\r\n\tat org.testng.internal.TestMethodWorker.invokeTestMethods(TestMethodWorker.java:146)\r\n\tat org.testng.internal.TestMethodWorker.run(TestMethodWorker.java:128)\r\n\tat java.base/java.util.concurrent.ThreadPoolExecutor.runWorker(ThreadPoolExecutor.java:1136)\r\n\tat java.base/java.util.concurrent.ThreadPoolExecutor$Worker.run(ThreadPoolExecutor.java:635)\r\n\tat java.base/java.lang.Thread.run(Thread.java:833)\r\n",
  "flaky" : false,
  "beforeStages" : [ {
    "name" : "setupTest",
    "time" : {
      "start" : 1670978613389,
      "stop" : 1670978623911,
      "duration" : 10522
    },
    "description" : "",
    "status" : "passed",
    "steps" : [ ],
    "attachments" : [ ],
    "parameters" : [ ],
    "attachmentsCount" : 0,
    "shouldDisplayMessage" : false,
    "stepsCount" : 0,
    "hasContent" : false
  } ],
  "testStage" : {
    "status" : "failed",
    "statusMessage" : "'SignUp' button is not enabled expected [true] but found [false]",
    "statusTrace" : "java.lang.AssertionError: 'SignUp' button is not enabled expected [true] but found [false]\r\n\tat org.testng.Assert.fail(Assert.java:99)\r\n\tat org.testng.Assert.failNotEquals(Assert.java:1037)\r\n\tat org.testng.Assert.assertTrue(Assert.java:45)\r\n\tat pages.RegisterPage.clickSignUpButton(RegisterPage.java:278)\r\n\tat pages.RegisterPage.registerUser(RegisterPage.java:300)\r\n\tat tests.register.SuccessfulRegister.testRegisterNewUser(SuccessfulRegister.java:72)\r\n\tat java.base/jdk.internal.reflect.NativeMethodAccessorImpl.invoke0(Native Method)\r\n\tat java.base/jdk.internal.reflect.NativeMethodAccessorImpl.invoke(NativeMethodAccessorImpl.java:77)\r\n\tat java.base/jdk.internal.reflect.DelegatingMethodAccessorImpl.invoke(DelegatingMethodAccessorImpl.java:43)\r\n\tat java.base/java.lang.reflect.Method.invoke(Method.java:568)\r\n\tat org.testng.internal.MethodInvocationHelper.invokeMethod(MethodInvocationHelper.java:133)\r\n\tat org.testng.internal.TestInvoker.invokeMethod(TestInvoker.java:598)\r\n\tat org.testng.internal.TestInvoker.invokeTestMethod(TestInvoker.java:173)\r\n\tat org.testng.internal.MethodRunner.runInSequence(MethodRunner.java:46)\r\n\tat org.testng.internal.TestInvoker$MethodInvocationAgent.invoke(TestInvoker.java:824)\r\n\tat org.testng.internal.TestInvoker.invokeTestMethods(TestInvoker.java:146)\r\n\tat org.testng.internal.TestMethodWorker.invokeTestMethods(TestMethodWorker.java:146)\r\n\tat org.testng.internal.TestMethodWorker.run(TestMethodWorker.java:128)\r\n\tat java.base/java.util.concurrent.ThreadPoolExecutor.runWorker(ThreadPoolExecutor.java:1136)\r\n\tat java.base/java.util.concurrent.ThreadPoolExecutor$Worker.run(ThreadPoolExecutor.java:635)\r\n\tat java.base/java.lang.Thread.run(Thread.java:833)\r\n",
    "steps" : [ {
      "name" : "Open login page",
      "time" : {
        "start" : 1670978623919,
        "stop" : 1670978627503,
        "duration" : 3584
      },
      "status" : "passed",
      "steps" : [ {
        "name" : "Open Login Page",
        "time" : {
          "start" : 1670978623919,
          "stop" : 1670978627503,
          "duration" : 3584
        },
        "status" : "passed",
        "steps" : [ ],
        "attachments" : [ ],
        "parameters" : [ {
          "name" : "verify",
          "value" : "false"
        } ],
        "attachmentsCount" : 0,
        "shouldDisplayMessage" : false,
        "stepsCount" : 0,
        "hasContent" : true
      } ],
      "attachments" : [ ],
      "parameters" : [ ],
      "attachmentsCount" : 0,
      "shouldDisplayMessage" : false,
      "stepsCount" : 1,
      "hasContent" : true
    }, {
      "name" : "Click on create account button",
      "time" : {
        "start" : 1670978629509,
        "stop" : 1670978632900,
        "duration" : 3391
      },
      "status" : "passed",
      "steps" : [ ],
      "attachments" : [ ],
      "parameters" : [ ],
      "attachmentsCount" : 0,
      "shouldDisplayMessage" : false,
      "stepsCount" : 0,
      "hasContent" : false
    }, {
      "name" : "Register new user",
      "time" : {
        "start" : 1670978634940,
        "stop" : 1670978648488,
        "duration" : 13548
      },
      "status" : "failed",
      "statusMessage" : "'SignUp' button is not enabled expected [true] but found [false]",
      "statusTrace" : "java.lang.AssertionError: 'SignUp' button is not enabled expected [true] but found [false]\r\n\tat org.testng.Assert.fail(Assert.java:99)\r\n\tat org.testng.Assert.failNotEquals(Assert.java:1037)\r\n\tat org.testng.Assert.assertTrue(Assert.java:45)\r\n\tat pages.RegisterPage.clickSignUpButton(RegisterPage.java:278)\r\n\tat pages.RegisterPage.registerUser(RegisterPage.java:300)\r\n\tat tests.register.SuccessfulRegister.testRegisterNewUser(SuccessfulRegister.java:72)\r\n\tat java.base/jdk.internal.reflect.NativeMethodAccessorImpl.invoke0(Native Method)\r\n\tat java.base/jdk.internal.reflect.NativeMethodAccessorImpl.invoke(NativeMethodAccessorImpl.java:77)\r\n\tat java.base/jdk.internal.reflect.DelegatingMethodAccessorImpl.invoke(DelegatingMethodAccessorImpl.java:43)\r\n\tat java.base/java.lang.reflect.Method.invoke(Method.java:568)\r\n\tat org.testng.internal.MethodInvocationHelper.invokeMethod(MethodInvocationHelper.java:133)\r\n\tat org.testng.internal.TestInvoker.invokeMethod(TestInvoker.java:598)\r\n\tat org.testng.internal.TestInvoker.invokeTestMethod(TestInvoker.java:173)\r\n\tat org.testng.internal.MethodRunner.runInSequence(MethodRunner.java:46)\r\n\tat org.testng.internal.TestInvoker$MethodInvocationAgent.invoke(TestInvoker.java:824)\r\n\tat org.testng.internal.TestInvoker.invokeTestMethods(TestInvoker.java:146)\r\n\tat org.testng.internal.TestMethodWorker.invokeTestMethods(TestMethodWorker.java:146)\r\n\tat org.testng.internal.TestMethodWorker.run(TestMethodWorker.java:128)\r\n\tat java.base/java.util.concurrent.ThreadPoolExecutor.runWorker(ThreadPoolExecutor.java:1136)\r\n\tat java.base/java.util.concurrent.ThreadPoolExecutor$Worker.run(ThreadPoolExecutor.java:635)\r\n\tat java.base/java.lang.Thread.run(Thread.java:833)\r\n",
      "steps" : [ {
        "name" : "Click sign up button",
        "time" : {
          "start" : 1670978648003,
          "stop" : 1670978648488,
          "duration" : 485
        },
        "status" : "failed",
        "statusMessage" : "'SignUp' button is not enabled expected [true] but found [false]",
        "statusTrace" : "java.lang.AssertionError: 'SignUp' button is not enabled expected [true] but found [false]\r\n\tat org.testng.Assert.fail(Assert.java:99)\r\n\tat org.testng.Assert.failNotEquals(Assert.java:1037)\r\n\tat org.testng.Assert.assertTrue(Assert.java:45)\r\n\tat pages.RegisterPage.clickSignUpButton(RegisterPage.java:278)\r\n\tat pages.RegisterPage.registerUser(RegisterPage.java:300)\r\n\tat tests.register.SuccessfulRegister.testRegisterNewUser(SuccessfulRegister.java:72)\r\n\tat java.base/jdk.internal.reflect.NativeMethodAccessorImpl.invoke0(Native Method)\r\n\tat java.base/jdk.internal.reflect.NativeMethodAccessorImpl.invoke(NativeMethodAccessorImpl.java:77)\r\n\tat java.base/jdk.internal.reflect.DelegatingMethodAccessorImpl.invoke(DelegatingMethodAccessorImpl.java:43)\r\n\tat java.base/java.lang.reflect.Method.invoke(Method.java:568)\r\n\tat org.testng.internal.MethodInvocationHelper.invokeMethod(MethodInvocationHelper.java:133)\r\n\tat org.testng.internal.TestInvoker.invokeMethod(TestInvoker.java:598)\r\n\tat org.testng.internal.TestInvoker.invokeTestMethod(TestInvoker.java:173)\r\n\tat org.testng.internal.MethodRunner.runInSequence(MethodRunner.java:46)\r\n\tat org.testng.internal.TestInvoker$MethodInvocationAgent.invoke(TestInvoker.java:824)\r\n\tat org.testng.internal.TestInvoker.invokeTestMethods(TestInvoker.java:146)\r\n\tat org.testng.internal.TestMethodWorker.invokeTestMethods(TestMethodWorker.java:146)\r\n\tat org.testng.internal.TestMethodWorker.run(TestMethodWorker.java:128)\r\n\tat java.base/java.util.concurrent.ThreadPoolExecutor.runWorker(ThreadPoolExecutor.java:1136)\r\n\tat java.base/java.util.concurrent.ThreadPoolExecutor$Worker.run(ThreadPoolExecutor.java:635)\r\n\tat java.base/java.lang.Thread.run(Thread.java:833)\r\n",
        "steps" : [ ],
        "attachments" : [ ],
        "parameters" : [ ],
        "attachmentsCount" : 0,
        "shouldDisplayMessage" : true,
        "stepsCount" : 0,
        "hasContent" : true
      } ],
      "attachments" : [ ],
      "parameters" : [ {
        "name" : "user",
        "value" : "User {Username: SuccessfulRegister, Password: password123, Email: SuccessfulRegister@mail.com, Name: Dot Cremin, About: Chuck Norris finished World of Warcraft., Secret Question: Question?, Secret Answer: Answer, Created at: null, Hero count: 0, Heroes: []}"
      } ],
      "attachmentsCount" : 0,
      "shouldDisplayMessage" : false,
      "stepsCount" : 1,
      "hasContent" : true
    } ],
    "attachments" : [ {
      "uid" : "fdb221b7cd9a188e",
      "name" : "96807091-1c8a-45aa-81de-76f83869d125",
      "source" : "fdb221b7cd9a188e.png",
      "type" : "image/png",
      "size" : 82867
    } ],
    "parameters" : [ ],
    "attachmentsCount" : 1,
    "shouldDisplayMessage" : false,
    "stepsCount" : 5,
    "hasContent" : true
  },
  "afterStages" : [ {
    "name" : "tearDownTest",
    "time" : {
      "start" : 1670978649092,
      "stop" : 1670978652362,
      "duration" : 3270
    },
    "description" : "",
    "status" : "passed",
    "steps" : [ ],
    "attachments" : [ {
      "uid" : "3d78325c35924f36",
      "name" : "Screenshot",
      "source" : "3d78325c35924f36.png",
      "type" : "image/png",
      "size" : 82588
    } ],
    "parameters" : [ ],
    "attachmentsCount" : 1,
    "shouldDisplayMessage" : false,
    "stepsCount" : 0,
    "hasContent" : true
  } ],
  "labels" : [ {
    "name" : "package",
    "value" : "tests.register.SuccessfulRegister"
  }, {
    "name" : "testClass",
    "value" : "tests.register.SuccessfulRegister"
  }, {
    "name" : "testMethod",
    "value" : "testRegisterNewUser"
  }, {
    "name" : "parentSuite",
    "value" : "Regression Suite"
  }, {
    "name" : "suite",
    "value" : "Login Tests"
  }, {
    "name" : "subSuite",
    "value" : "tests.register.SuccessfulRegister"
  }, {
    "name" : "host",
    "value" : "EN310366"
  }, {
    "name" : "thread",
    "value" : "17168@EN310366.TestNG-test=Login Tests-3(24)"
  }, {
    "name" : "framework",
    "value" : "testng"
  }, {
    "name" : "language",
    "value" : "java"
  }, {
    "name" : "resultFormat",
    "value" : "allure2"
  } ],
  "parameters" : [ ],
  "links" : [ ],
  "hidden" : false,
  "retry" : false,
  "extra" : {
    "severity" : "normal",
    "retries" : [ ],
    "categories" : [ {
      "name" : "Product defects",
      "matchedStatuses" : [ ],
      "flaky" : false
    } ],
    "tags" : [ ]
  },
  "source" : "f3ed2c3a8aeb0abc.json",
  "parameterValues" : [ ]
}