{
  "uid" : "f458fd78c919f1cc",
  "name" : "testRegisterNewUser",
  "fullName" : "tests.register.SuccessfulRegister.testRegisterNewUser",
  "historyId" : "ddd76cda8bf5761c22a4848e89c40740",
  "time" : {
    "start" : 1676475797322,
    "stop" : 1676475814834,
    "duration" : 17512
  },
  "status" : "failed",
  "statusMessage" : "Test failed",
  "statusTrace" : "java.lang.AssertionError: Test failed\r\n\tat org.testng.Assert.fail(Assert.java:99)\r\n\tat tests.register.SuccessfulRegister.testRegisterNewUser(SuccessfulRegister.java:94)\r\n\tat java.base/jdk.internal.reflect.NativeMethodAccessorImpl.invoke0(Native Method)\r\n\tat java.base/jdk.internal.reflect.NativeMethodAccessorImpl.invoke(NativeMethodAccessorImpl.java:77)\r\n\tat java.base/jdk.internal.reflect.DelegatingMethodAccessorImpl.invoke(DelegatingMethodAccessorImpl.java:43)\r\n\tat java.base/java.lang.reflect.Method.invoke(Method.java:568)\r\n\tat org.testng.internal.MethodInvocationHelper.invokeMethod(MethodInvocationHelper.java:133)\r\n\tat org.testng.internal.TestInvoker.invokeMethod(TestInvoker.java:598)\r\n\tat org.testng.internal.TestInvoker.invokeTestMethod(TestInvoker.java:173)\r\n\tat org.testng.internal.MethodRunner.runInSequence(MethodRunner.java:46)\r\n\tat org.testng.internal.TestInvoker$MethodInvocationAgent.invoke(TestInvoker.java:824)\r\n\tat org.testng.internal.TestInvoker.invokeTestMethods(TestInvoker.java:146)\r\n\tat org.testng.internal.TestMethodWorker.invokeTestMethods(TestMethodWorker.java:146)\r\n\tat org.testng.internal.TestMethodWorker.run(TestMethodWorker.java:128)\r\n\tat java.base/java.util.ArrayList.forEach(ArrayList.java:1511)\r\n\tat org.testng.TestRunner.privateRun(TestRunner.java:794)\r\n\tat org.testng.TestRunner.run(TestRunner.java:596)\r\n\tat org.testng.SuiteRunner.runTest(SuiteRunner.java:377)\r\n\tat org.testng.SuiteRunner.runSequentially(SuiteRunner.java:371)\r\n\tat org.testng.SuiteRunner.privateRun(SuiteRunner.java:332)\r\n\tat org.testng.SuiteRunner.run(SuiteRunner.java:276)\r\n\tat org.testng.SuiteRunnerWorker.runSuite(SuiteRunnerWorker.java:53)\r\n\tat org.testng.SuiteRunnerWorker.run(SuiteRunnerWorker.java:96)\r\n\tat org.testng.TestNG.runSuitesSequentially(TestNG.java:1212)\r\n\tat org.testng.TestNG.runSuitesLocally(TestNG.java:1134)\r\n\tat org.testng.TestNG.runSuites(TestNG.java:1063)\r\n\tat org.testng.TestNG.run(TestNG.java:1031)\r\n\tat com.intellij.rt.testng.IDEARemoteTestNG.run(IDEARemoteTestNG.java:66)\r\n\tat com.intellij.rt.testng.RemoteTestNGStarter.main(RemoteTestNGStarter.java:109)\r\n",
  "flaky" : false,
  "beforeStages" : [ {
    "name" : "setupTest",
    "time" : {
      "start" : 1676475793872,
      "stop" : 1676475797313,
      "duration" : 3441
    },
    "description" : "",
    "status" : "passed",
    "steps" : [ ],
    "attachments" : [ ],
    "parameters" : [ ],
    "hasContent" : false,
    "stepsCount" : 0,
    "shouldDisplayMessage" : false,
    "attachmentsCount" : 0
  } ],
  "testStage" : {
    "status" : "failed",
    "statusMessage" : "Test failed",
    "statusTrace" : "java.lang.AssertionError: Test failed\r\n\tat org.testng.Assert.fail(Assert.java:99)\r\n\tat tests.register.SuccessfulRegister.testRegisterNewUser(SuccessfulRegister.java:94)\r\n\tat java.base/jdk.internal.reflect.NativeMethodAccessorImpl.invoke0(Native Method)\r\n\tat java.base/jdk.internal.reflect.NativeMethodAccessorImpl.invoke(NativeMethodAccessorImpl.java:77)\r\n\tat java.base/jdk.internal.reflect.DelegatingMethodAccessorImpl.invoke(DelegatingMethodAccessorImpl.java:43)\r\n\tat java.base/java.lang.reflect.Method.invoke(Method.java:568)\r\n\tat org.testng.internal.MethodInvocationHelper.invokeMethod(MethodInvocationHelper.java:133)\r\n\tat org.testng.internal.TestInvoker.invokeMethod(TestInvoker.java:598)\r\n\tat org.testng.internal.TestInvoker.invokeTestMethod(TestInvoker.java:173)\r\n\tat org.testng.internal.MethodRunner.runInSequence(MethodRunner.java:46)\r\n\tat org.testng.internal.TestInvoker$MethodInvocationAgent.invoke(TestInvoker.java:824)\r\n\tat org.testng.internal.TestInvoker.invokeTestMethods(TestInvoker.java:146)\r\n\tat org.testng.internal.TestMethodWorker.invokeTestMethods(TestMethodWorker.java:146)\r\n\tat org.testng.internal.TestMethodWorker.run(TestMethodWorker.java:128)\r\n\tat java.base/java.util.ArrayList.forEach(ArrayList.java:1511)\r\n\tat org.testng.TestRunner.privateRun(TestRunner.java:794)\r\n\tat org.testng.TestRunner.run(TestRunner.java:596)\r\n\tat org.testng.SuiteRunner.runTest(SuiteRunner.java:377)\r\n\tat org.testng.SuiteRunner.runSequentially(SuiteRunner.java:371)\r\n\tat org.testng.SuiteRunner.privateRun(SuiteRunner.java:332)\r\n\tat org.testng.SuiteRunner.run(SuiteRunner.java:276)\r\n\tat org.testng.SuiteRunnerWorker.runSuite(SuiteRunnerWorker.java:53)\r\n\tat org.testng.SuiteRunnerWorker.run(SuiteRunnerWorker.java:96)\r\n\tat org.testng.TestNG.runSuitesSequentially(TestNG.java:1212)\r\n\tat org.testng.TestNG.runSuitesLocally(TestNG.java:1134)\r\n\tat org.testng.TestNG.runSuites(TestNG.java:1063)\r\n\tat org.testng.TestNG.run(TestNG.java:1031)\r\n\tat com.intellij.rt.testng.IDEARemoteTestNG.run(IDEARemoteTestNG.java:66)\r\n\tat com.intellij.rt.testng.RemoteTestNGStarter.main(RemoteTestNGStarter.java:109)\r\n",
    "steps" : [ {
      "name" : "Open login page",
      "time" : {
        "start" : 1676475797323,
        "stop" : 1676475799312,
        "duration" : 1989
      },
      "status" : "passed",
      "steps" : [ {
        "name" : "Open Login Page",
        "time" : {
          "start" : 1676475797323,
          "stop" : 1676475799312,
          "duration" : 1989
        },
        "status" : "passed",
        "steps" : [ ],
        "attachments" : [ ],
        "parameters" : [ {
          "name" : "verify",
          "value" : "false"
        } ],
        "hasContent" : true,
        "stepsCount" : 0,
        "shouldDisplayMessage" : false,
        "attachmentsCount" : 0
      } ],
      "attachments" : [ ],
      "parameters" : [ ],
      "hasContent" : true,
      "stepsCount" : 1,
      "shouldDisplayMessage" : false,
      "attachmentsCount" : 0
    }, {
      "name" : "Click on create account button",
      "time" : {
        "start" : 1676475801323,
        "stop" : 1676475803327,
        "duration" : 2004
      },
      "status" : "passed",
      "steps" : [ ],
      "attachments" : [ ],
      "parameters" : [ ],
      "hasContent" : false,
      "stepsCount" : 0,
      "shouldDisplayMessage" : false,
      "attachmentsCount" : 0
    }, {
      "name" : "Register new user",
      "time" : {
        "start" : 1676475805342,
        "stop" : 1676475811786,
        "duration" : 6444
      },
      "status" : "passed",
      "steps" : [ {
        "name" : "typeUsername",
        "time" : {
          "start" : 1676475805344,
          "stop" : 1676475806315,
          "duration" : 971
        },
        "status" : "passed",
        "steps" : [ {
          "name" : "isUsernameTextFieldDisplayed",
          "time" : {
            "start" : 1676475805346,
            "stop" : 1676475805546,
            "duration" : 200
          },
          "status" : "passed",
          "steps" : [ ],
          "attachments" : [ ],
          "parameters" : [ ],
          "hasContent" : false,
          "stepsCount" : 0,
          "shouldDisplayMessage" : false,
          "attachmentsCount" : 0
        } ],
        "attachments" : [ ],
        "parameters" : [ {
          "name" : "username",
          "value" : "successfulregister230215164317"
        } ],
        "hasContent" : true,
        "stepsCount" : 1,
        "shouldDisplayMessage" : false,
        "attachmentsCount" : 0
      }, {
        "name" : "typeFirstName",
        "time" : {
          "start" : 1676475806315,
          "stop" : 1676475806918,
          "duration" : 603
        },
        "status" : "passed",
        "steps" : [ ],
        "attachments" : [ ],
        "parameters" : [ {
          "name" : "sFirstName",
          "value" : "Manual"
        } ],
        "hasContent" : true,
        "stepsCount" : 0,
        "shouldDisplayMessage" : false,
        "attachmentsCount" : 0
      }, {
        "name" : "typeLastName",
        "time" : {
          "start" : 1676475806918,
          "stop" : 1676475807352,
          "duration" : 434
        },
        "status" : "passed",
        "steps" : [ ],
        "attachments" : [ ],
        "parameters" : [ {
          "name" : "sLastName",
          "value" : "Littel"
        } ],
        "hasContent" : true,
        "stepsCount" : 0,
        "shouldDisplayMessage" : false,
        "attachmentsCount" : 0
      }, {
        "name" : "typeEmail",
        "time" : {
          "start" : 1676475807352,
          "stop" : 1676475808050,
          "duration" : 698
        },
        "status" : "passed",
        "steps" : [ ],
        "attachments" : [ ],
        "parameters" : [ {
          "name" : "sEmail",
          "value" : "successfulregister230215164317@mail.com"
        } ],
        "hasContent" : true,
        "stepsCount" : 0,
        "shouldDisplayMessage" : false,
        "attachmentsCount" : 0
      }, {
        "name" : "typeAbout",
        "time" : {
          "start" : 1676475808050,
          "stop" : 1676475808730,
          "duration" : 680
        },
        "status" : "passed",
        "steps" : [ {
          "name" : "isAboutTextFieldDisplayed",
          "time" : {
            "start" : 1676475808051,
            "stop" : 1676475808203,
            "duration" : 152
          },
          "status" : "passed",
          "steps" : [ ],
          "attachments" : [ ],
          "parameters" : [ ],
          "hasContent" : false,
          "stepsCount" : 0,
          "shouldDisplayMessage" : false,
          "attachmentsCount" : 0
        } ],
        "attachments" : [ ],
        "parameters" : [ {
          "name" : "sAbout",
          "value" : "Chuck Norris's keyboard doesn't have a Ctrl key because nothing controls Chuck Norris."
        } ],
        "hasContent" : true,
        "stepsCount" : 1,
        "shouldDisplayMessage" : false,
        "attachmentsCount" : 0
      }, {
        "name" : "typeSecretQuestion",
        "time" : {
          "start" : 1676475808730,
          "stop" : 1676475809160,
          "duration" : 430
        },
        "status" : "passed",
        "steps" : [ ],
        "attachments" : [ ],
        "parameters" : [ {
          "name" : "sSecretQuestion",
          "value" : "Question?"
        } ],
        "hasContent" : true,
        "stepsCount" : 0,
        "shouldDisplayMessage" : false,
        "attachmentsCount" : 0
      }, {
        "name" : "typeSecretAnswer",
        "time" : {
          "start" : 1676475809160,
          "stop" : 1676475809608,
          "duration" : 448
        },
        "status" : "passed",
        "steps" : [ ],
        "attachments" : [ ],
        "parameters" : [ {
          "name" : "sSecretAnswer",
          "value" : "Answer"
        } ],
        "hasContent" : true,
        "stepsCount" : 0,
        "shouldDisplayMessage" : false,
        "attachmentsCount" : 0
      }, {
        "name" : "typePassword",
        "time" : {
          "start" : 1676475809608,
          "stop" : 1676475809994,
          "duration" : 386
        },
        "status" : "passed",
        "steps" : [ ],
        "attachments" : [ ],
        "parameters" : [ {
          "name" : "sPassword",
          "value" : "Password123"
        } ],
        "hasContent" : true,
        "stepsCount" : 0,
        "shouldDisplayMessage" : false,
        "attachmentsCount" : 0
      }, {
        "name" : "typeConfirmPassword",
        "time" : {
          "start" : 1676475809994,
          "stop" : 1676475810464,
          "duration" : 470
        },
        "status" : "passed",
        "steps" : [ ],
        "attachments" : [ ],
        "parameters" : [ {
          "name" : "sPassword",
          "value" : "Password123"
        } ],
        "hasContent" : true,
        "stepsCount" : 0,
        "shouldDisplayMessage" : false,
        "attachmentsCount" : 0
      }, {
        "name" : "Click sign up button",
        "time" : {
          "start" : 1676475810465,
          "stop" : 1676475811786,
          "duration" : 1321
        },
        "status" : "passed",
        "steps" : [ {
          "name" : "Verify login page",
          "time" : {
            "start" : 1676475811757,
            "stop" : 1676475811786,
            "duration" : 29
          },
          "status" : "passed",
          "steps" : [ ],
          "attachments" : [ ],
          "parameters" : [ ],
          "hasContent" : false,
          "stepsCount" : 0,
          "shouldDisplayMessage" : false,
          "attachmentsCount" : 0
        } ],
        "attachments" : [ ],
        "parameters" : [ ],
        "hasContent" : true,
        "stepsCount" : 1,
        "shouldDisplayMessage" : false,
        "attachmentsCount" : 0
      } ],
      "attachments" : [ ],
      "parameters" : [ {
        "name" : "user",
        "value" : "User {Username: successfulregister230215164317, Password: Password123, Email: successfulregister230215164317@mail.com, Name: Manual Littel, About: Chuck Norris's keyboard doesn't have a Ctrl key because nothing controls Chuck Norris., Secret Question: Question?, Secret Answer: Answer, Created at: null, Hero count: 0, Heroes: []}"
      } ],
      "hasContent" : true,
      "stepsCount" : 13,
      "shouldDisplayMessage" : false,
      "attachmentsCount" : 0
    } ],
    "attachments" : [ ],
    "parameters" : [ ],
    "hasContent" : true,
    "stepsCount" : 17,
    "shouldDisplayMessage" : true,
    "attachmentsCount" : 0
  },
  "afterStages" : [ {
    "name" : "tearDownTest",
    "time" : {
      "start" : 1676475814841,
      "stop" : 1676475816212,
      "duration" : 1371
    },
    "description" : "",
    "status" : "passed",
    "steps" : [ ],
    "attachments" : [ ],
    "parameters" : [ ],
    "hasContent" : false,
    "stepsCount" : 0,
    "shouldDisplayMessage" : false,
    "attachmentsCount" : 0
  } ],
  "labels" : [ {
    "name" : "package",
    "value" : "tests.register.SuccessfulRegister"
  }, {
    "name" : "testClass",
    "value" : "tests.register.SuccessfulRegister"
  }, {
    "name" : "testMethod",
    "value" : "testRegisterNewUser"
  }, {
    "name" : "parentSuite",
    "value" : "Regression Suite"
  }, {
    "name" : "suite",
    "value" : "Regression Tests"
  }, {
    "name" : "subSuite",
    "value" : "tests.register.SuccessfulRegister"
  }, {
    "name" : "host",
    "value" : "EN310366"
  }, {
    "name" : "thread",
    "value" : "27420@EN310366.main(1)"
  }, {
    "name" : "framework",
    "value" : "testng"
  }, {
    "name" : "language",
    "value" : "java"
  }, {
    "name" : "resultFormat",
    "value" : "allure2"
  } ],
  "parameters" : [ {
    "name" : "updateJira",
    "value" : "true"
  } ],
  "links" : [ ],
  "hidden" : false,
  "retry" : false,
  "extra" : {
    "severity" : "normal",
    "retries" : [ ],
    "categories" : [ {
      "name" : "Product defects",
      "matchedStatuses" : [ ],
      "flaky" : false
    } ],
    "tags" : [ ]
  },
  "source" : "f458fd78c919f1cc.json",
  "parameterValues" : [ "true" ]
}